#
# A fatal error has been detected by the Java Runtime Environment:
#
#  EXCEPTION_ACCESS_VIOLATION (0xc0000005) at pc=0x00007ff825198d98, pid=3008, tid=0x0000000000003ac0
#
# JRE version: OpenJDK Runtime Environment (8.0_201-b09) (build 1.8.0_201-2-redhat-b09)
# Java VM: OpenJDK 64-Bit Server VM (25.201-b09 mixed mode windows-amd64 compressed oops)
# Problematic frame:
# C  [objectbox-jni-windows-x64.dll+0x78d98]
#
# Failed to write core dump. Minidumps are not enabled by default on client versions of Windows
#
# If you would like to submit a bug report, please visit:
#   http://bugreport.java.com/bugreport/crash.jsp
# The crash happened outside the Java Virtual Machine in native code.
# See problematic frame for where to report the bug.
#

---------------  T H R E A D  ---------------

Current thread (0x0000000018a84000):  JavaThread "pool-1-thread-1" [_thread_in_native, id=15040, stack(0x000000005b3e0000,0x000000005b4e0000)]

siginfo: ExceptionCode=0xc0000005, reading address 0x0000000000000028

Registers:
RAX=0x0000000000a1d920, RBX=0x0000000000000000, RCX=0x0000000000000020, RDX=0x0000000000060025
RSP=0x000000005b4de010, RBP=0x0000000000a20f00, RSI=0x0000000000a1d920, RDI=0x00000000ffffffff
R8 =0x0000000000000006, R9 =0x0000000000000038, R10=0x0000000000000000, R11=0xf002879e3f6fefe5
R12=0x0000000000000005, R13=0x0000000000000000, R14=0x0000000000a179d0, R15=0x0000000000000000
RIP=0x00007ff825198d98, EFLAGS=0x0000000000010202

Top of Stack: (sp=0x000000005b4de010)
0x000000005b4de010:   0000000018b261d0 0000000018b261d0
0x000000005b4de020:   0000000018b261d8 000000000000004e
0x000000005b4de030:   0000000018a84000 0000000018a84000
0x000000005b4de040:   000000000000004e 0000000017360880
0x000000005b4de050:   0000000000a1d920 fffffffffffffffe
0x000000005b4de060:   0000000018933d70 00000000000003d8
0x000000005b4de070:   0000000000000000 000000005b4de300
0x000000005b4de080:   0000000018a84000 00007ff825158906
0x000000005b4de090:   0000000018b26190 0000000018b261d0
0x000000005b4de0a0:   000069b0e67304a6 00000000000000d8
0x000000005b4de0b0:   0000000000000000 0000000000a17710
0x000000005b4de0c0:   0000000000000000 00000000ffffffff
0x000000005b4de0d0:   0000000000a179d0 000000005b4de328
0x000000005b4de0e0:   0000000000a0f750 00007ff825141e81
0x000000005b4de0f0:   0000000100065b90 0000000000000005
0x000000005b4de100:   0000000018aee160 000000005b4de400 

Instructions: (pc=0x00007ff825198d98)
0x00007ff825198d78:   70 48 89 58 78 89 98 80 00 00 00 66 89 98 84 00
0x00007ff825198d88:   00 00 eb 03 48 8b f3 48 89 74 24 40 49 8d 4d 20
0x00007ff825198d98:   48 8b 51 08 48 39 51 10 74 0d 48 8b fb 48 89 32
0x00007ff825198da8:   48 83 41 08 08 eb 0f 4c 8d 44 24 40 e8 e7 18 ff 


Register to memory mapping:

RAX=0x0000000000a1d920 is an unknown value
RBX=0x0000000000000000 is an unknown value
RCX=0x0000000000000020 is an unknown value
RDX=0x0000000000060025 is an unknown value
RSP=0x000000005b4de010 is pointing into the stack for thread: 0x0000000018a84000
RBP=0x0000000000a20f00 is an unknown value
RSI=0x0000000000a1d920 is an unknown value
RDI=0x00000000ffffffff is an unallocated location in the heap
R8 =0x0000000000000006 is an unknown value
R9 =0x0000000000000038 is an unknown value
R10=0x0000000000000000 is an unknown value
R11=0xf002879e3f6fefe5 is an unknown value
R12=0x0000000000000005 is an unknown value
R13=0x0000000000000000 is an unknown value
R14=0x0000000000a179d0 is an unknown value
R15=0x0000000000000000 is an unknown value


Stack: [0x000000005b3e0000,0x000000005b4e0000],  sp=0x000000005b4de010,  free space=1016k
Native frames: (J=compiled Java code, j=interpreted, Vv=VM code, C=native code)
C  [objectbox-jni-windows-x64.dll+0x78d98]
C  [objectbox-jni-windows-x64.dll+0x21e81]
C  0x00000000029b89a7

Java frames: (J=compiled Java code, j=interpreted, Vv=VM code)
j  io.objectbox.query.QueryBuilder.nativeLink(JJIIIIZ)J+0
j  io.objectbox.query.QueryBuilder.link(Lio/objectbox/relation/RelationInfo;Lio/objectbox/EntityInfo;Lio/objectbox/EntityInfo;Z)Lio/objectbox/query/QueryBuilder;+67
j  io.objectbox.query.QueryBuilder.link(Lio/objectbox/relation/RelationInfo;)Lio/objectbox/query/QueryBuilder;+29
j  com.mntanproject.pos.purchase.PurchaseApi.paginator(Ljava/lang/String;)Lmntanproject/core/server/response/HttpResponse;+389
v  ~StubRoutines::call_stub
j  sun.reflect.NativeMethodAccessorImpl.invoke0(Ljava/lang/reflect/Method;Ljava/lang/Object;[Ljava/lang/Object;)Ljava/lang/Object;+0
j  sun.reflect.NativeMethodAccessorImpl.invoke(Ljava/lang/Object;[Ljava/lang/Object;)Ljava/lang/Object;+100
j  sun.reflect.DelegatingMethodAccessorImpl.invoke(Ljava/lang/Object;[Ljava/lang/Object;)Ljava/lang/Object;+6
j  java.lang.reflect.Method.invoke(Ljava/lang/Object;[Ljava/lang/Object;)Ljava/lang/Object;+56
j  mntanproject.core.server.route.Route.getReflectionResponse(Ljava/lang/String;)Lmntanproject/core/server/response/HttpResponse;+152
j  mntanproject.core.server.route.Route.getResponseFromClass(Lmntanproject/core/server/request/RegisteredRoute;)Lmntanproject/core/server/response/HttpResponse;+142
j  mntanproject.core.server.MnServer.handleRequest(Ljava/net/Socket;)V+37
j  mntanproject.core.server.MnServer.access$2(Lmntanproject/core/server/MnServer;Ljava/net/Socket;)V+2
j  mntanproject.core.server.MnServer$ConnectionProcessor.run()V+39
j  java.util.concurrent.ThreadPoolExecutor.runWorker(Ljava/util/concurrent/ThreadPoolExecutor$Worker;)V+95
j  java.util.concurrent.ThreadPoolExecutor$Worker.run()V+5
j  java.lang.Thread.run()V+11
v  ~StubRoutines::call_stub

---------------  P R O C E S S  ---------------

Java Threads: ( => current thread )
=>0x0000000018a84000 JavaThread "pool-1-thread-1" [_thread_in_native, id=15040, stack(0x000000005b3e0000,0x000000005b4e0000)]
  0x00000000028e4800 JavaThread "DestroyJavaVM" [_thread_blocked, id=17324, stack(0x00000000026e0000,0x00000000027e0000)]
  0x0000000018b69800 JavaThread "Thread-0" [_thread_in_native, id=5156, stack(0x000000005b2e0000,0x000000005b3e0000)]
  0x00000000189ca800 JavaThread "Service Thread" daemon [_thread_blocked, id=10800, stack(0x000000001a3e0000,0x000000001a4e0000)]
  0x000000001893b000 JavaThread "C1 CompilerThread3" daemon [_thread_blocked, id=17304, stack(0x000000001a2e0000,0x000000001a3e0000)]
  0x0000000018933000 JavaThread "C2 CompilerThread2" daemon [_thread_blocked, id=3916, stack(0x000000001a1e0000,0x000000001a2e0000)]
  0x00000000188d6800 JavaThread "C2 CompilerThread1" daemon [_thread_blocked, id=16776, stack(0x000000001a0e0000,0x000000001a1e0000)]
  0x0000000018929000 JavaThread "C2 CompilerThread0" daemon [_thread_blocked, id=16772, stack(0x0000000019fe0000,0x000000001a0e0000)]
  0x00000000188d5000 JavaThread "Attach Listener" daemon [_thread_blocked, id=3172, stack(0x0000000019ee0000,0x0000000019fe0000)]
  0x00000000188d4000 JavaThread "Signal Dispatcher" daemon [_thread_blocked, id=3384, stack(0x0000000019de0000,0x0000000019ee0000)]
  0x00000000188bc000 JavaThread "Finalizer" daemon [_thread_blocked, id=16844, stack(0x0000000019be0000,0x0000000019ce0000)]
  0x000000001792e800 JavaThread "Reference Handler" daemon [_thread_blocked, id=16832, stack(0x0000000019ae0000,0x0000000019be0000)]

Other Threads:
  0x00000000188b4800 VMThread [stack: 0x00000000199e0000,0x0000000019ae0000] [id=9804]
  0x000000001897b000 WatcherThread [stack: 0x000000001a4e0000,0x000000001a5e0000] [id=16816]

VM state:not at safepoint (normal execution)

VM Mutex/Monitor currently owned by a thread: None

heap address: 0x0000000081c00000, size: 2020 MB, Compressed Oops mode: 32-bit
Narrow klass base: 0x0000000000000000, Narrow klass shift: 3
Compressed class space size: 1073741824 Address: 0x0000000100000000

Heap:
 PSYoungGen      total 38400K, used 9998K [0x00000000d5f00000, 0x00000000d8980000, 0x0000000100000000)
  eden space 33280K, 30% used [0x00000000d5f00000,0x00000000d68c3800,0x00000000d7f80000)
  from space 5120K, 0% used [0x00000000d8480000,0x00000000d8480000,0x00000000d8980000)
  to   space 5120K, 0% used [0x00000000d7f80000,0x00000000d7f80000,0x00000000d8480000)
 ParOldGen       total 87552K, used 0K [0x0000000081c00000, 0x0000000087180000, 0x00000000d5f00000)
  object space 87552K, 0% used [0x0000000081c00000,0x0000000081c00000,0x0000000087180000)
 Metaspace       used 6965K, capacity 7076K, committed 7168K, reserved 1056768K
  class space    used 701K, capacity 762K, committed 768K, reserved 1048576K

Card table byte_map: [0x0000000011d60000,0x0000000012160000] byte_map_base: 0x0000000011952000

Marking Bits: (ParMarkBitMap*) 0x000000005b16ceb0
 Begin Bits: [0x0000000012c10000, 0x0000000014ba0000)
 End Bits:   [0x0000000014ba0000, 0x0000000016b30000)

Polling page: 0x0000000000e90000

CodeCache: size=245760Kb used=2067Kb max_used=2067Kb free=243692Kb
 bounds [0x00000000029a0000, 0x0000000002c10000, 0x00000000119a0000]
 total_blobs=755 nmethods=420 adapters=249
 compilation: enabled

Compilation events (250 events):
Event: 5.867 Thread 0x000000001893b000  240       1       java.lang.Class::getClassLoader0 (5 bytes)
Event: 5.867 Thread 0x000000001893b000 nmethod 240 0x0000000002b4e510 code [0x0000000002b4e660, 0x0000000002b4e770]
Event: 5.868 Thread 0x000000001893b000  241   !   3       java.lang.ClassLoader::getPackage (118 bytes)
Event: 5.868 Thread 0x000000001893b000 nmethod 241 0x0000000002b4e7d0 code [0x0000000002b4e9e0, 0x0000000002b4f718]
Event: 5.868 Thread 0x000000001893b000  242   !   3       java.util.zip.InflaterInputStream::read (138 bytes)
Event: 5.869 Thread 0x000000001893b000 nmethod 242 0x0000000002b4fe90 code [0x0000000002b50100, 0x0000000002b511e8]
Event: 5.869 Thread 0x000000001893b000  243       3       java.util.zip.InflaterInputStream::ensureOpen (18 bytes)
Event: 5.869 Thread 0x000000001893b000 nmethod 243 0x0000000002b51a90 code [0x0000000002b51c00, 0x0000000002b51e48]
Event: 5.869 Thread 0x000000001893b000  244       3       java.io.File::exists (43 bytes)
Event: 5.869 Thread 0x000000001893b000 nmethod 244 0x0000000002b51f10 code [0x0000000002b520a0, 0x0000000002b52528]
Event: 5.869 Thread 0x000000001893b000  245       3       java.util.ArrayList::ensureCapacityInternal (13 bytes)
Event: 5.869 Thread 0x000000001893b000 nmethod 245 0x0000000002b52650 code [0x0000000002b527e0, 0x0000000002b52b68]
Event: 5.870 Thread 0x000000001893b000  246       3       java.util.ArrayList::calculateCapacity (16 bytes)
Event: 5.870 Thread 0x000000001893b000 nmethod 246 0x0000000002b52cd0 code [0x0000000002b52e40, 0x0000000002b53070]
Event: 5.870 Thread 0x000000001893b000  247       3       java.util.ArrayList::ensureExplicitCapacity (26 bytes)
Event: 5.870 Thread 0x000000001893b000 nmethod 247 0x0000000002b53110 code [0x0000000002b53280, 0x0000000002b53468]
Event: 5.870 Thread 0x000000001893b000  248       3       java.util.ArrayList::add (29 bytes)
Event: 5.870 Thread 0x000000001893b000 nmethod 248 0x0000000002b53550 code [0x0000000002b53700, 0x0000000002b53c88]
Event: 5.871 Thread 0x000000001893b000  250       1       java.lang.reflect.Method::getDeclaringClass (5 bytes)
Event: 5.871 Thread 0x000000001893b000 nmethod 250 0x0000000002b53f10 code [0x0000000002b54060, 0x0000000002b54170]
Event: 5.871 Thread 0x000000001893b000  249       1       java.lang.reflect.Method::getReturnType (5 bytes)
Event: 5.871 Thread 0x000000001893b000 nmethod 249 0x0000000002b541d0 code [0x0000000002b54320, 0x0000000002b54430]
Event: 5.871 Thread 0x000000001893b000  251       1       java.lang.reflect.Method::getName (5 bytes)
Event: 5.871 Thread 0x000000001893b000 nmethod 251 0x0000000002b54490 code [0x0000000002b545e0, 0x0000000002b546f0]
Event: 5.871 Thread 0x000000001893b000  253       3       java.lang.reflect.Method::equals (69 bytes)
Event: 5.871 Thread 0x000000001893b000 nmethod 253 0x0000000002b54750 code [0x0000000002b548e0, 0x0000000002b55248]
Event: 5.871 Thread 0x000000001893b000  252       1       java.lang.reflect.Method::getModifiers (5 bytes)
Event: 5.871 Thread 0x000000001893b000 nmethod 252 0x0000000002b55390 code [0x0000000002b554e0, 0x0000000002b555f0]
Event: 5.871 Thread 0x000000001893b000  254       1       java.lang.Class$MethodArray::length (5 bytes)
Event: 5.871 Thread 0x000000001893b000 nmethod 254 0x0000000002b55650 code [0x0000000002b557a0, 0x0000000002b558b0]
Event: 5.874 Thread 0x000000001893b000  255       1       java.nio.Buffer::limit (5 bytes)
Event: 5.875 Thread 0x000000001893b000 nmethod 255 0x0000000002b56b50 code [0x0000000002b56ca0, 0x0000000002b56db0]
Event: 5.876 Thread 0x000000001893b000  256   !   3       java.net.URLClassLoader::findClass (47 bytes)
Event: 5.877 Thread 0x000000001893b000 nmethod 256 0x0000000002b56e10 code [0x0000000002b56fc0, 0x0000000002b57598]
Event: 5.877 Thread 0x000000001893b000  257       3       java.net.URLClassLoader$1::<init> (15 bytes)
Event: 5.877 Thread 0x000000001893b000 nmethod 257 0x0000000002b577d0 code [0x0000000002b57920, 0x0000000002b57af0]
Event: 5.877 Thread 0x000000001893b000  258       3       java.net.URLClassLoader$1::run (5 bytes)
Event: 5.877 Thread 0x000000001893b000 nmethod 258 0x0000000002b57b90 code [0x0000000002b57d00, 0x0000000002b57ea8]
Event: 5.877 Thread 0x000000001893b000  259   !   3       java.net.URLClassLoader$1::run (63 bytes)
Event: 5.877 Thread 0x000000001893b000 nmethod 259 0x0000000002b57f50 code [0x0000000002b58120, 0x0000000002b58648]
Event: 5.881 Thread 0x000000001893b000  260       3       java.lang.Number::<init> (5 bytes)
Event: 5.881 Thread 0x000000001893b000 nmethod 260 0x0000000002b59990 code [0x0000000002b59ae0, 0x0000000002b59c90]
Event: 5.881 Thread 0x000000001893b000  261       3       java.lang.Byte::<init> (10 bytes)
Event: 5.881 Thread 0x000000001893b000 nmethod 261 0x0000000002b59d50 code [0x0000000002b59ec0, 0x0000000002b5a0d0]
Event: 5.882 Thread 0x000000001893b000  262       3       java.lang.Short::<init> (10 bytes)
Event: 5.882 Thread 0x000000001893b000 nmethod 262 0x0000000002b5a190 code [0x0000000002b5a300, 0x0000000002b5a510]
Event: 5.882 Thread 0x000000001893b000  263       3       java.lang.Long::<init> (10 bytes)
Event: 5.882 Thread 0x000000001893b000 nmethod 263 0x0000000002b5a5d0 code [0x0000000002b5a740, 0x0000000002b5a950]
Event: 5.888 Thread 0x000000001893b000  266       3       java.lang.ref.SoftReference::get (29 bytes)
Event: 5.888 Thread 0x000000001893b000 nmethod 266 0x0000000002b5b250 code [0x0000000002b5b3a0, 0x0000000002b5b590]
Event: 5.895 Thread 0x000000001893b000  269  s    3       java.lang.StringBuffer::toString (36 bytes)
Event: 5.896 Thread 0x000000001893b000 nmethod 269 0x0000000002b5c510 code [0x0000000002b5c6a0, 0x0000000002b5cb48]
Event: 5.896 Thread 0x000000001893b000  271       1       java.lang.Enum::ordinal (5 bytes)
Event: 5.896 Thread 0x000000001893b000 nmethod 271 0x0000000002b5cc90 code [0x0000000002b5cde0, 0x0000000002b5cef0]
Event: 5.896 Thread 0x000000001893b000  274       3       java.lang.Class::getClassLoader (28 bytes)
Event: 5.897 Thread 0x000000001893b000 nmethod 274 0x0000000002b5d5d0 code [0x0000000002b5d7c0, 0x0000000002b5e1b8]
Event: 5.897 Thread 0x000000001893b000  276       3       java.lang.invoke.MemberName::testFlags (16 bytes)
Event: 5.897 Thread 0x000000001893b000 nmethod 276 0x0000000002b5e650 code [0x0000000002b5e7a0, 0x0000000002b5e950]
Event: 5.897 Thread 0x000000001893b000  277       3       java.lang.Class::getName (21 bytes)
Event: 5.897 Thread 0x000000001893b000 nmethod 277 0x0000000002b5ed50 code [0x0000000002b5eec0, 0x0000000002b5f0a8]
Event: 5.897 Thread 0x000000001893b000  279       3       jdk.internal.org.objectweb.asm.ByteVector::putUTF8 (142 bytes)
Event: 5.898 Thread 0x000000001893b000 nmethod 279 0x0000000002b5f150 code [0x0000000002b5f340, 0x0000000002b5fb38]
Event: 5.898 Thread 0x000000001893b000  280       1       java.lang.invoke.MethodType::returnType (5 bytes)
Event: 5.898 Thread 0x000000001893b000 nmethod 280 0x0000000002b5ffd0 code [0x0000000002b60120, 0x0000000002b60230]
Event: 5.898 Thread 0x000000001893b000  281       1       java.lang.invoke.MemberName::getDeclaringClass (5 bytes)
Event: 5.898 Thread 0x000000001893b000 nmethod 281 0x0000000002b60290 code [0x0000000002b603e0, 0x0000000002b604f0]
Event: 5.898 Thread 0x000000001893b000  283       3       jdk.internal.org.objectweb.asm.ClassWriter::get (49 bytes)
Event: 5.899 Thread 0x000000001893b000 nmethod 283 0x0000000002b60550 code [0x0000000002b606e0, 0x0000000002b60a68]
Event: 5.899 Thread 0x000000001893b000  282       3       jdk.internal.org.objectweb.asm.Item::set (143 bytes)
Event: 5.899 Thread 0x000000001893b000 nmethod 282 0x0000000002b60c10 code [0x0000000002b60dc0, 0x0000000002b61478]
Event: 5.899 Thread 0x000000001893b000  284       3       jdk.internal.org.objectweb.asm.ByteVector::putShort (52 bytes)
Event: 5.899 Thread 0x000000001893b000 nmethod 284 0x0000000002b61710 code [0x0000000002b61880, 0x0000000002b61ac8]
Event: 5.899 Thread 0x000000001893b000  285       3       jdk.internal.org.objectweb.asm.Item::<init> (66 bytes)
Event: 5.900 Thread 0x000000001893b000 nmethod 285 0x0000000002b61c10 code [0x0000000002b61d80, 0x0000000002b61fb0]
Event: 5.900 Thread 0x000000001893b000  286       1       java.lang.invoke.MethodType$ConcurrentWeakInternSet$WeakEntry::hashCode (5 bytes)
Event: 5.900 Thread 0x000000001893b000 nmethod 286 0x0000000002b62090 code [0x0000000002b621e0, 0x0000000002b622f0]
Event: 5.900 Thread 0x000000001893b000  287       3       jdk.internal.org.objectweb.asm.ByteVector::putByte (39 bytes)
Event: 5.900 Thread 0x000000001893b000 nmethod 287 0x0000000002b62350 code [0x0000000002b624c0, 0x0000000002b626e8]
Event: 5.900 Thread 0x000000001893b000  288       3       jdk.internal.org.objectweb.asm.ClassWriter::newUTF8 (70 bytes)
Event: 5.900 Thread 0x000000001893b000 nmethod 288 0x0000000002b62810 code [0x0000000002b629e0, 0x0000000002b62e38]
Event: 5.900 Thread 0x000000001893b000  289       3       jdk.internal.org.objectweb.asm.ClassWriter::put (152 bytes)
Event: 5.901 Thread 0x000000001893b000 nmethod 289 0x0000000002b63050 code [0x0000000002b63220, 0x0000000002b63950]
Event: 5.901 Thread 0x000000001893b000  290       1       java.util.SubList::access$000 (5 bytes)
Event: 5.901 Thread 0x000000001893b000 nmethod 290 0x0000000002b63d10 code [0x0000000002b63e60, 0x0000000002b63f50]
Event: 5.901 Thread 0x000000001893b000  291       1       java.util.AbstractList$ListItr::nextIndex (5 bytes)
Event: 5.901 Thread 0x000000001893b000 nmethod 291 0x0000000002b63fd0 code [0x0000000002b64120, 0x0000000002b64230]
Event: 5.901 Thread 0x000000001893b000  292       1       java.util.SubList::access$200 (5 bytes)
Event: 5.902 Thread 0x000000001893b000 nmethod 292 0x0000000002b64290 code [0x0000000002b643e0, 0x0000000002b644d0]
Event: 5.902 Thread 0x000000001893b000  293       3       java.util.Objects::requireNonNull (14 bytes)
Event: 5.902 Thread 0x000000001893b000 nmethod 293 0x0000000002b64550 code [0x0000000002b646c0, 0x0000000002b648e8]
Event: 5.902 Thread 0x000000001893b000  295       1       java.util.ArrayList::access$000 (5 bytes)
Event: 5.902 Thread 0x000000001893b000 nmethod 295 0x0000000002b649d0 code [0x0000000002b64b20, 0x0000000002b64c10]
Event: 5.902 Thread 0x000000001893b000  294       3       java.lang.ref.Reference::<init> (7 bytes)
Event: 5.902 Thread 0x000000001893b000 nmethod 294 0x0000000002b64c90 code [0x0000000002b64e00, 0x0000000002b65070]
Event: 5.902 Thread 0x000000001893b000  296       3       java.util.concurrent.ConcurrentHashMap::get (162 bytes)
Event: 5.902 Thread 0x0000000018929000  298       4       java.lang.String::equals (81 bytes)
Event: 5.903 Thread 0x000000001893b000 nmethod 296 0x0000000002b65150 code [0x0000000002b65360, 0x0000000002b65ed8]
Event: 5.903 Thread 0x000000001893b000  297       3       java.lang.ClassLoader::loadClass (7 bytes)
Event: 5.903 Thread 0x000000001893b000 nmethod 297 0x0000000002b66310 code [0x0000000002b66480, 0x0000000002b666a8]
Event: 5.903 Thread 0x000000001893b000  299       3       java.lang.invoke.MemberName::testAnyFlags (15 bytes)
Event: 5.903 Thread 0x000000001893b000 nmethod 299 0x0000000002b66ad0 code [0x0000000002b66c40, 0x0000000002b66eb0]
Event: 5.903 Thread 0x000000001893b000  301       3       java.lang.invoke.MemberName::isInvocable (7 bytes)
Event: 5.903 Thread 0x000000001893b000 nmethod 301 0x0000000002b67650 code [0x0000000002b677c0, 0x0000000002b67a90]
Event: 5.903 Thread 0x000000001893b000  303       3       java.lang.invoke.MethodTypeForm::canonicalize (233 bytes)
Event: 5.904 Thread 0x000000001893b000 nmethod 303 0x0000000002b67b90 code [0x0000000002b67de0, 0x0000000002b68998]
Event: 5.904 Thread 0x000000001893b000  306       3       java.lang.invoke.MethodType::hashCode (53 bytes)
Event: 5.904 Thread 0x000000001893b000 nmethod 306 0x0000000002b68ed0 code [0x0000000002b69060, 0x0000000002b69418]
Event: 5.904 Thread 0x000000001893b000  305       1       java.lang.invoke.MethodType::ptypes (5 bytes)
Event: 5.904 Thread 0x000000001893b000 nmethod 305 0x0000000002b695d0 code [0x0000000002b69720, 0x0000000002b69830]
Event: 5.904 Thread 0x000000001893b000  307       3       java.lang.String::substring (56 bytes)
Event: 5.904 Thread 0x000000001893b000 nmethod 307 0x0000000002b69890 code [0x0000000002b69a20, 0x0000000002b69dc8]
Event: 5.904 Thread 0x000000001893b000  309       3       java.lang.invoke.MethodType::checkSlotCount (33 bytes)
Event: 5.905 Thread 0x000000001893b000 nmethod 309 0x0000000002b6a190 code [0x0000000002b6a380, 0x0000000002b6abd8]
Event: 5.905 Thread 0x0000000018929000 nmethod 298 0x0000000002b6dd90 code [0x0000000002b6dee0, 0x0000000002b6e118]
Event: 5.905 Thread 0x000000001893b000  312       3       java.lang.invoke.MemberName::testAllFlags (7 bytes)
Event: 5.905 Thread 0x000000001893b000 nmethod 312 0x0000000002b6d4d0 code [0x0000000002b6d640, 0x0000000002b6d850]
Event: 5.905 Thread 0x000000001893b000  315   !   3       java.lang.invoke.MemberName::getMethodType (208 bytes)
Event: 5.908 Thread 0x000000001893b000 nmethod 315 0x0000000002b6b090 code [0x0000000002b6b320, 0x0000000002b6cad8]
Event: 5.908 Thread 0x000000001893b000  314       3       java.lang.String::<init> (15 bytes)
Event: 5.909 Thread 0x000000001893b000 nmethod 314 0x0000000002b6e250 code [0x0000000002b6e3e0, 0x0000000002b6e7c8]
Event: 5.909 Thread 0x000000001893b000  316       1       sun.invoke.util.Wrapper::basicTypeChar (5 bytes)
Event: 5.909 Thread 0x000000001893b000 nmethod 316 0x0000000002b6e990 code [0x0000000002b6eae0, 0x0000000002b6ebf0]
Event: 5.909 Thread 0x000000001893b000  318       1       java.lang.invoke.MethodType::form (5 bytes)
Event: 5.909 Thread 0x000000001893b000 nmethod 318 0x0000000002b6ec50 code [0x0000000002b6eda0, 0x0000000002b6eeb0]
Event: 5.910 Thread 0x0000000018933000  321       4       java.util.Arrays::copyOfRange (63 bytes)
Event: 5.910 Thread 0x000000001893b000  322       3       jdk.internal.org.objectweb.asm.ByteVector::put12 (64 bytes)
Event: 5.910 Thread 0x00000000188d6800  323       4       java.util.concurrent.ConcurrentHashMap::tabAt (21 bytes)
Event: 5.911 Thread 0x000000001893b000 nmethod 322 0x0000000002b6f510 code [0x0000000002b6f680, 0x0000000002b6f908]
Event: 5.911 Thread 0x000000001893b000  326       3       java.lang.Object::equals (11 bytes)
Event: 5.911 Thread 0x000000001893b000 nmethod 326 0x0000000002b6fa90 code [0x0000000002b6fbe0, 0x0000000002b6fd90]
Event: 5.911 Thread 0x00000000188d6800 nmethod 323 0x0000000002b72a50 code [0x0000000002b72b80, 0x0000000002b72bd8]
Event: 5.911 Thread 0x000000001893b000  327       1       java.lang.invoke.LambdaForm$Name::index (5 bytes)
Event: 5.912 Thread 0x000000001893b000 nmethod 327 0x0000000002b72790 code [0x0000000002b728e0, 0x0000000002b729f0]
Event: 5.912 Thread 0x000000001893b000  329       3       java.lang.ref.WeakReference::<init> (6 bytes)
Event: 5.912 Thread 0x000000001893b000 nmethod 329 0x0000000002b71f10 code [0x0000000002b72080, 0x0000000002b72350]
Event: 5.912 Thread 0x000000001893b000  331       3       java.lang.invoke.MemberName::isConstructor (7 bytes)
Event: 5.912 Thread 0x000000001893b000 nmethod 331 0x0000000002b71a50 code [0x0000000002b71bc0, 0x0000000002b71e30]
Event: 5.912 Thread 0x000000001893b000  332       3       java.lang.invoke.MemberName::getMethodOrFieldType (72 bytes)
Event: 5.913 Thread 0x0000000018933000 nmethod 321 0x0000000002b74590 code [0x0000000002b746e0, 0x0000000002b74918]
Event: 5.913 Thread 0x000000001893b000 nmethod 332 0x0000000002b74a50 code [0x0000000002b74d40, 0x0000000002b76428]
Event: 5.913 Thread 0x000000001893b000  333       3       java.lang.invoke.LambdaForm$BasicType::basicType (19 bytes)
Event: 5.913 Thread 0x000000001893b000 nmethod 333 0x0000000002b70f50 code [0x0000000002b710e0, 0x0000000002b71488]
Event: 5.913 Thread 0x000000001893b000  335       3       java.lang.invoke.MethodType::parameterType (7 bytes)
Event: 5.913 Thread 0x000000001893b000 nmethod 335 0x0000000002b70bd0 code [0x0000000002b70d20, 0x0000000002b70e90]
Event: 5.913 Thread 0x000000001893b000  336       1       java.lang.invoke.LambdaForm$Name::type (5 bytes)
Event: 5.913 Thread 0x000000001893b000 nmethod 336 0x0000000002b70910 code [0x0000000002b70a60, 0x0000000002b70b70]
Event: 5.913 Thread 0x000000001893b000  339       1       java.lang.invoke.LambdaForm$BasicType::basicTypeChar (5 bytes)
Event: 5.914 Thread 0x000000001893b000 nmethod 339 0x0000000002b70650 code [0x0000000002b707a0, 0x0000000002b708b0]
Event: 5.914 Thread 0x000000001893b000  340       1       java.lang.invoke.LambdaForm$BasicType::access$100 (5 bytes)
Event: 5.914 Thread 0x000000001893b000 nmethod 340 0x0000000002b742d0 code [0x0000000002b74420, 0x0000000002b74510]
Event: 5.914 Thread 0x000000001893b000  341       1       java.lang.invoke.LambdaForm$Name::access$000 (5 bytes)
Event: 5.914 Thread 0x000000001893b000 nmethod 341 0x0000000002b74010 code [0x0000000002b74160, 0x0000000002b74250]
Event: 5.914 Thread 0x000000001893b000  342       1       java.lang.invoke.LambdaForm$BasicType::basicTypeClass (5 bytes)
Event: 5.914 Thread 0x000000001893b000 nmethod 342 0x0000000002b73d50 code [0x0000000002b73ea0, 0x0000000002b73fb0]
Event: 5.914 Thread 0x000000001893b000  348   !   3       java.util.AbstractList$Itr::next (45 bytes)
Event: 5.914 Thread 0x000000001893b000 nmethod 348 0x0000000002b730d0 code [0x0000000002b732a0, 0x0000000002b738f8]
Event: 5.914 Thread 0x000000001893b000  350       3       java.lang.invoke.MethodType::checkPtype (19 bytes)
Event: 5.915 Thread 0x000000001893b000 nmethod 350 0x0000000002b76c50 code [0x0000000002b76de0, 0x0000000002b771b8]
Event: 5.915 Thread 0x000000001893b000  349       3       java.util.AbstractList$Itr::checkForComodification (23 bytes)
Event: 5.915 Thread 0x000000001893b000 nmethod 349 0x0000000002b77350 code [0x0000000002b774c0, 0x0000000002b776e8]
Event: 5.915 Thread 0x000000001893b000  352       3       java.lang.invoke.LambdaForm::argument (27 bytes)
Event: 5.915 Thread 0x000000001893b000 nmethod 352 0x0000000002b777d0 code [0x0000000002b77960, 0x0000000002b77cc8]
Event: 5.915 Thread 0x000000001893b000  355       3       java.util.AbstractList$Itr::hasNext (20 bytes)
Event: 5.915 Thread 0x000000001893b000 nmethod 355 0x0000000002b77ed0 code [0x0000000002b78040, 0x0000000002b782c8]
Event: 5.915 Thread 0x000000001893b000  356       3       java.lang.invoke.MemberName::getInvocationType (56 bytes)
Event: 5.916 Thread 0x000000001893b000 nmethod 356 0x0000000002b78510 code [0x0000000002b78700, 0x0000000002b79308]
Event: 5.916 Thread 0x000000001893b000  357       3       jdk.internal.org.objectweb.asm.Type::getArgumentsAndReturnSizes (151 bytes)
Event: 5.917 Thread 0x000000001893b000 nmethod 357 0x0000000002b79910 code [0x0000000002b79b40, 0x0000000002b7a8d8]
Event: 5.917 Thread 0x000000001893b000  358       3       java.lang.invoke.InvokerBytecodeGenerator::isStaticallyNameable (116 bytes)
Event: 5.917 Thread 0x0000000018933000  365       4       java.lang.String::<init> (82 bytes)
Event: 5.918 Thread 0x000000001893b000 nmethod 358 0x0000000002b7b290 code [0x0000000002b7b600, 0x0000000002b7d6d8]
Event: 5.918 Thread 0x000000001893b000  361       3       jdk.internal.org.objectweb.asm.Frame::execute (2252 bytes)
Event: 5.919 Thread 0x00000000188d6800  376       4       jdk.internal.org.objectweb.asm.ByteVector::putUTF8 (142 bytes)
Event: 5.919 Thread 0x0000000018933000 nmethod 365 0x0000000002b82090 code [0x0000000002b821e0, 0x0000000002b824d8]
Event: 5.922 Thread 0x000000001893b000 nmethod 361 0x0000000002b82710 code [0x0000000002b834a0, 0x0000000002b88b38]
Event: 5.922 Thread 0x000000001893b000  377       3       java.lang.invoke.MethodType$ConcurrentWeakInternSet::expungeStaleElements (27 bytes)
Event: 5.922 Thread 0x000000001893b000 nmethod 377 0x0000000002b80e50 code [0x0000000002b80fe0, 0x0000000002b815b8]
Event: 5.922 Thread 0x000000001893b000  372       3       java.util.Arrays$ArrayList::size (6 bytes)
Event: 5.922 Thread 0x000000001893b000 nmethod 372 0x0000000002b80b10 code [0x0000000002b80c60, 0x0000000002b80db0]
Event: 5.922 Thread 0x000000001893b000  380       3       java.lang.reflect.Modifier::isStatic (13 bytes)
Event: 5.922 Thread 0x000000001893b000 nmethod 380 0x0000000002b807d0 code [0x0000000002b80920, 0x0000000002b80ab0]
Event: 5.922 Thread 0x000000001893b000  379       3       java.lang.invoke.MemberName::isStatic (8 bytes)
Event: 5.922 Thread 0x000000001893b000 nmethod 379 0x0000000002b80390 code [0x0000000002b80500, 0x0000000002b80710]
Event: 5.923 Thread 0x000000001893b000  369       3       java.util.Arrays$ArrayList::get (7 bytes)
Event: 5.923 Thread 0x000000001893b000 nmethod 369 0x0000000002b7ffd0 code [0x0000000002b80120, 0x0000000002b80290]
Event: 5.923 Thread 0x000000001893b000  370       3       jdk.internal.org.objectweb.asm.Frame::push (110 bytes)
Event: 5.923 Thread 0x000000001893b000 nmethod 370 0x0000000002b7f750 code [0x0000000002b7f8e0, 0x0000000002b7fde8]
Event: 5.923 Thread 0x000000001893b000  375       3       jdk.internal.org.objectweb.asm.Item::isEqualTo (354 bytes)
Event: 5.924 Thread 0x000000001893b000 nmethod 375 0x0000000002b8bf10 code [0x0000000002b8c140, 0x0000000002b8ce08]
Event: 5.924 Thread 0x000000001893b000  362       3       java.lang.invoke.MethodType::makeImpl (66 bytes)
Event: 5.924 Thread 0x000000001893b000 nmethod 362 0x0000000002b8d1d0 code [0x0000000002b8d3c0, 0x0000000002b8dc28]
Event: 5.924 Thread 0x000000001893b000  359       1       java.lang.invoke.MethodHandle::type (5 bytes)
Event: 5.925 Thread 0x000000001893b000 nmethod 359 0x0000000002b7f490 code [0x0000000002b7f5e0, 0x0000000002b7f6f0]
Event: 5.925 Thread 0x000000001893b000  386       3       java.lang.invoke.LambdaForm$BasicType::basicTypeSlots (8 bytes)
Event: 5.925 Thread 0x000000001893b000 nmethod 386 0x0000000002b7f010 code [0x0000000002b7f180, 0x0000000002b7f3b0]
Event: 5.925 Thread 0x000000001893b000  387       3       java.lang.invoke.MemberName::getReferenceKind (12 bytes)
Event: 5.925 Thread 0x000000001893b000 nmethod 387 0x0000000002b8e0d0 code [0x0000000002b8e220, 0x0000000002b8e390]
Event: 5.925 Thread 0x000000001893b000  381       1       java.lang.invoke.MethodTypeForm::erasedType (5 bytes)
Event: 5.925 Thread 0x000000001893b000 nmethod 381 0x0000000002b8f910 code [0x0000000002b8fa60, 0x0000000002b8fb70]
Event: 5.925 Thread 0x00000000188d6800 nmethod 376 0x0000000002b91750 code [0x0000000002b918a0, 0x0000000002b91d28]
Event: 5.925 Thread 0x000000001893b000  389       3       java.util.Collections$UnmodifiableCollection$1::hasNext (10 bytes)
Event: 5.925 Thread 0x000000001893b000 nmethod 389 0x0000000002b8f1d0 code [0x0000000002b8f340, 0x0000000002b8f568]
Event: 5.925 Thread 0x000000001893b000  392       3       jdk.internal.org.objectweb.asm.MethodWriter::visitVarInsn (292 bytes)
Event: 5.926 Thread 0x000000001893b000 nmethod 392 0x0000000002b906d0 code [0x0000000002b90900, 0x0000000002b91368]
Event: 5.926 Thread 0x000000001893b000  394       3       sun.invoke.util.VerifyAccess::isSamePackage (114 bytes)
Event: 5.927 Thread 0x000000001893b000 nmethod 394 0x0000000002b92050 code [0x0000000002b923a0, 0x0000000002b944d8]
Event: 5.927 Thread 0x000000001893b000  398       3       java.lang.invoke.MethodType::checkPtypes (61 bytes)
Event: 5.928 Thread 0x000000001893b000 nmethod 398 0x0000000002b95750 code [0x0000000002b959a0, 0x0000000002b966b8]
Event: 5.928 Thread 0x000000001893b000  401       3       jdk.internal.org.objectweb.asm.Type::getType (269 bytes)
Event: 5.928 Thread 0x000000001893b000 nmethod 401 0x0000000002b96e90 code [0x0000000002b97080, 0x0000000002b97970]
Event: 5.928 Thread 0x000000001893b000  400       3       jdk.internal.org.objectweb.asm.ClassWriter::addType (39 bytes)
Event: 5.928 Thread 0x000000001893b000 nmethod 400 0x0000000002b8fed0 code [0x0000000002b90060, 0x0000000002b90348]
Event: 5.928 Thread 0x000000001893b000  396       3       jdk.internal.org.objectweb.asm.ByteVector::putInt (74 bytes)
Event: 5.929 Thread 0x000000001893b000 nmethod 396 0x0000000002b8ec50 code [0x0000000002b8edc0, 0x0000000002b8f048]
Event: 5.929 Thread 0x000000001893b000  397       3       java.lang.invoke.MethodType$ConcurrentWeakInternSet$WeakEntry::<init> (14 bytes)
Event: 5.929 Thread 0x000000001893b000 nmethod 397 0x0000000002b8e410 code [0x0000000002b8e5a0, 0x0000000002b8e9a8]
Event: 5.929 Thread 0x000000001893b000  393       3       java.lang.invoke.InvokerBytecodeGenerator::emitImplicitConversion (159 bytes)
Event: 5.929 Thread 0x0000000018933000  404       4       java.util.concurrent.ConcurrentHashMap::casTabAt (20 bytes)
Event: 5.929 Thread 0x0000000018933000 nmethod 404 0x0000000002b8fcd0 code [0x0000000002b8fe00, 0x0000000002b8fe78]
Event: 5.930 Thread 0x000000001893b000 nmethod 393 0x0000000002b98cd0 code [0x0000000002b98f80, 0x0000000002b9a238]
Event: 5.930 Thread 0x000000001893b000  399       3       java.lang.invoke.LambdaForm$BasicType::basicType (172 bytes)
Event: 5.930 Thread 0x000000001893b000 nmethod 399 0x0000000002b9a9d0 code [0x0000000002b9ac20, 0x0000000002b9ba18]
Event: 5.931 Thread 0x000000001893b000  403       3       java.lang.invoke.LambdaForm$NamedFunction::methodType (23 bytes)
Event: 5.931 Thread 0x000000001893b000 nmethod 403 0x0000000002b98790 code [0x0000000002b98900, 0x0000000002b98be8]
Event: 5.931 Thread 0x000000001893b000  405       3       jdk.internal.org.objectweb.asm.Frame::type (416 bytes)
Event: 5.931 Thread 0x000000001893b000 nmethod 405 0x0000000002b9c110 code [0x0000000002b9c380, 0x0000000002b9d4e8]
Event: 5.931 Thread 0x000000001893b000  407       3       jdk.internal.org.objectweb.asm.Frame::get (46 bytes)
Event: 5.932 Thread 0x000000001893b000 nmethod 407 0x0000000002b98310 code [0x0000000002b98480, 0x0000000002b986d0]
Event: 5.932 Thread 0x000000001893b000  406       3       jdk.internal.org.objectweb.asm.ClassWriter::newClassItem (70 bytes)
Event: 5.932 Thread 0x000000001893b000 nmethod 406 0x0000000002b9dbd0 code [0x0000000002b9dd80, 0x0000000002b9e1d8]
Event: 5.932 Thread 0x000000001893b000  402       3       java.lang.invoke.MethodType::equals (29 bytes)
Event: 5.932 Thread 0x000000001893b000 nmethod 402 0x0000000002b9e390 code [0x0000000002b9e520, 0x0000000002b9ea48]
Event: 5.932 Thread 0x000000001893b000  409       3       java.lang.invoke.MethodType$ConcurrentWeakInternSet::get (54 bytes)
Event: 5.933 Thread 0x000000001893b000 nmethod 409 0x0000000002b9eb50 code [0x0000000002b9ed80, 0x0000000002b9fa38]
Event: 5.933 Thread 0x000000001893b000  408       3       java.lang.ref.WeakReference::<init> (7 bytes)
Event: 5.933 Thread 0x000000001893b000 nmethod 408 0x0000000002b9ffd0 code [0x0000000002ba0140, 0x0000000002ba03f0]
Event: 5.933 Thread 0x000000001893b000  395       1       java.lang.invoke.LambdaForm::arity (5 bytes)
Event: 5.933 Thread 0x000000001893b000 nmethod 395 0x0000000002b97d50 code [0x0000000002b97ea0, 0x0000000002b97fb0]
Event: 5.934 Thread 0x000000001893b000  410       3       sun.invoke.util.Wrapper::forBasicType (16 bytes)
Event: 5.934 Thread 0x000000001893b000 nmethod 410 0x0000000002ba04d0 code [0x0000000002ba0640, 0x0000000002ba08b8]
Event: 5.935 Thread 0x000000001893b000  413       3       java.lang.reflect.Array::newInstance (6 bytes)
Event: 5.935 Thread 0x000000001893b000 nmethod 413 0x0000000002ba13d0 code [0x0000000002ba1540, 0x0000000002ba16a8]
Event: 5.935 Thread 0x000000001893b000  416       3       sun.reflect.misc.ReflectUtil::isVMAnonymousClass (19 bytes)
Event: 5.935 Thread 0x000000001893b000 nmethod 416 0x0000000002ba1950 code [0x0000000002ba1ae0, 0x0000000002ba2018]
Event: 5.936 Thread 0x000000001893b000  417  s!   3       java.net.URLStreamHandler::getHostAddress (54 bytes)
Event: 5.936 Thread 0x000000001893b000 nmethod 417 0x0000000002ba2650 code [0x0000000002ba2800, 0x0000000002ba2fb8]
Event: 5.938 Thread 0x000000001893b000  419       3       java.lang.StringBuffer::<init> (6 bytes)
Event: 5.939 Thread 0x000000001893b000 nmethod 419 0x0000000002ba5010 code [0x0000000002ba5180, 0x0000000002ba5430]
Event: 5.939 Thread 0x000000001893b000  420       3       java.util.Vector::ensureCapacityHelper (16 bytes)
Event: 5.940 Thread 0x000000001893b000 nmethod 420 0x0000000002ba5550 code [0x0000000002ba56c0, 0x0000000002ba5888]

GC Heap History (0 events):
No events

Deoptimization events (1 events):
Event: 0.164 Thread 0x00000000028e4800 Uncommon trap: reason=unstable_if action=reinterpret pc=0x0000000002ae4854 method=java.lang.String.indexOf(II)I @ 49

Classes redefined (0 events):
No events

Internal exceptions (18 events):
Event: 0.031 Thread 0x00000000028e4800 Exception <a 'java/lang/NoSuchMethodError': Method sun.misc.Unsafe.defineClass(Ljava/lang/String;[BII)Ljava/lang/Class; name or signature does not match> (0x00000000d5f07cb0) thrown at [C:\cygwin64\tmp\ojdkbuild\lookaside\java-1.8.0-openjdk\hotspot\src\sh
Event: 0.031 Thread 0x00000000028e4800 Exception <a 'java/lang/NoSuchMethodError': Method sun.misc.Unsafe.prefetchRead(Ljava/lang/Object;J)V name or signature does not match> (0x00000000d5f07f98) thrown at [C:\cygwin64\tmp\ojdkbuild\lookaside\java-1.8.0-openjdk\hotspot\src\share\vm\prims\jni.c
Event: 0.092 Thread 0x00000000028e4800 Exception <a 'java/security/PrivilegedActionException'> (0x00000000d5f8acf8) thrown at [C:\cygwin64\tmp\ojdkbuild\lookaside\java-1.8.0-openjdk\hotspot\src\share\vm\prims\jvm.cpp, line 1512]
Event: 0.092 Thread 0x00000000028e4800 Exception <a 'java/security/PrivilegedActionException'> (0x00000000d5f8af08) thrown at [C:\cygwin64\tmp\ojdkbuild\lookaside\java-1.8.0-openjdk\hotspot\src\share\vm\prims\jvm.cpp, line 1512]
Event: 0.159 Thread 0x00000000028e4800 Exception <a 'java/security/PrivilegedActionException'> (0x00000000d61a2760) thrown at [C:\cygwin64\tmp\ojdkbuild\lookaside\java-1.8.0-openjdk\hotspot\src\share\vm\prims\jvm.cpp, line 1512]
Event: 0.159 Thread 0x00000000028e4800 Exception <a 'java/security/PrivilegedActionException'> (0x00000000d61a2970) thrown at [C:\cygwin64\tmp\ojdkbuild\lookaside\java-1.8.0-openjdk\hotspot\src\share\vm\prims\jvm.cpp, line 1512]
Event: 0.160 Thread 0x00000000028e4800 Exception <a 'java/security/PrivilegedActionException'> (0x00000000d61a7db0) thrown at [C:\cygwin64\tmp\ojdkbuild\lookaside\java-1.8.0-openjdk\hotspot\src\share\vm\prims\jvm.cpp, line 1512]
Event: 0.160 Thread 0x00000000028e4800 Exception <a 'java/security/PrivilegedActionException'> (0x00000000d61a7fc0) thrown at [C:\cygwin64\tmp\ojdkbuild\lookaside\java-1.8.0-openjdk\hotspot\src\share\vm\prims\jvm.cpp, line 1512]
Event: 0.160 Thread 0x00000000028e4800 Exception <a 'java/security/PrivilegedActionException'> (0x00000000d61a9aa0) thrown at [C:\cygwin64\tmp\ojdkbuild\lookaside\java-1.8.0-openjdk\hotspot\src\share\vm\prims\jvm.cpp, line 1512]
Event: 0.160 Thread 0x00000000028e4800 Exception <a 'java/security/PrivilegedActionException'> (0x00000000d61a9cb0) thrown at [C:\cygwin64\tmp\ojdkbuild\lookaside\java-1.8.0-openjdk\hotspot\src\share\vm\prims\jvm.cpp, line 1512]
Event: 0.198 Thread 0x00000000028e4800 Exception <a 'java/lang/NoSuchFieldError': __boxStore> (0x00000000d6228ed0) thrown at [C:\cygwin64\tmp\ojdkbuild\lookaside\java-1.8.0-openjdk\hotspot\src\share\vm\prims\jni.cpp, line 2601]
Event: 0.199 Thread 0x00000000028e4800 Exception <a 'java/lang/NoSuchFieldError': __boxStore> (0x00000000d6229238) thrown at [C:\cygwin64\tmp\ojdkbuild\lookaside\java-1.8.0-openjdk\hotspot\src\share\vm\prims\jni.cpp, line 2601]
Event: 0.199 Thread 0x00000000028e4800 Exception <a 'java/lang/NoSuchFieldError': __boxStore> (0x00000000d62295e0) thrown at [C:\cygwin64\tmp\ojdkbuild\lookaside\java-1.8.0-openjdk\hotspot\src\share\vm\prims\jni.cpp, line 2601]
Event: 5.865 Thread 0x0000000018a84000 Exception <a 'java/lang/ArrayIndexOutOfBoundsException': 18> (0x00000000d66b9250) thrown at [C:\cygwin64\tmp\ojdkbuild\lookaside\java-1.8.0-openjdk\hotspot\src\share\vm\interpreter\interpreterRuntime.cpp, line 371]
Event: 5.866 Thread 0x0000000018a84000 Exception <a 'java/lang/ArrayIndexOutOfBoundsException': 92> (0x00000000d66ba2e0) thrown at [C:\cygwin64\tmp\ojdkbuild\lookaside\java-1.8.0-openjdk\hotspot\src\share\vm\interpreter\interpreterRuntime.cpp, line 371]
Event: 5.866 Thread 0x0000000018a84000 Exception <a 'java/lang/ArrayIndexOutOfBoundsException': 69> (0x00000000d66bb508) thrown at [C:\cygwin64\tmp\ojdkbuild\lookaside\java-1.8.0-openjdk\hotspot\src\share\vm\interpreter\interpreterRuntime.cpp, line 371]
Event: 5.919 Thread 0x0000000018a84000 Exception <a 'java/lang/NoSuchFieldError': method resolution failed> (0x00000000d67e9bb0) thrown at [C:\cygwin64\tmp\ojdkbuild\lookaside\java-1.8.0-openjdk\hotspot\src\share\vm\prims\methodHandles.cpp, line 1167]
Event: 5.920 Thread 0x0000000018a84000 Exception <a 'java/lang/NoSuchFieldError': method resolution failed> (0x00000000d67f72a0) thrown at [C:\cygwin64\tmp\ojdkbuild\lookaside\java-1.8.0-openjdk\hotspot\src\share\vm\prims\methodHandles.cpp, line 1167]

Events (250 events):
Event: 5.865 loading class sun/reflect/generics/tree/TypeArgument
Event: 5.865 loading class sun/reflect/generics/tree/TypeArgument done
Event: 5.865 loading class sun/reflect/generics/tree/SimpleClassTypeSignature
Event: 5.865 loading class sun/reflect/generics/tree/FieldTypeSignature
Event: 5.865 loading class sun/reflect/generics/tree/BaseType
Event: 5.865 loading class sun/reflect/generics/tree/TypeSignature
Event: 5.865 loading class sun/reflect/generics/tree/ReturnType
Event: 5.865 loading class sun/reflect/generics/tree/ReturnType done
Event: 5.865 loading class sun/reflect/generics/tree/TypeSignature done
Event: 5.865 loading class sun/reflect/generics/tree/BaseType done
Event: 5.865 loading class sun/reflect/generics/tree/FieldTypeSignature done
Event: 5.865 loading class sun/reflect/generics/tree/SimpleClassTypeSignature done
Event: 5.865 loading class sun/reflect/generics/tree/ClassTypeSignature
Event: 5.865 loading class sun/reflect/generics/tree/ClassTypeSignature done
Event: 5.866 loading class sun/reflect/generics/tree/ClassSignature
Event: 5.866 loading class sun/reflect/generics/tree/Signature
Event: 5.866 loading class sun/reflect/generics/tree/Signature done
Event: 5.866 loading class sun/reflect/generics/tree/ClassSignature done
Event: 5.866 loading class sun/reflect/generics/visitor/Reifier
Event: 5.866 loading class sun/reflect/generics/visitor/TypeTreeVisitor
Event: 5.866 loading class sun/reflect/generics/visitor/TypeTreeVisitor done
Event: 5.866 loading class sun/reflect/generics/visitor/Reifier done
Event: 5.866 loading class sun/reflect/generics/reflectiveObjects/ParameterizedTypeImpl
Event: 5.866 loading class sun/reflect/generics/reflectiveObjects/ParameterizedTypeImpl done
Event: 5.866 loading class sun/reflect/generics/tree/TypeVariableSignature
Event: 5.866 loading class sun/reflect/generics/tree/TypeVariableSignature done
Event: 5.866 loading class java/lang/reflect/TypeVariable
Event: 5.866 loading class java/lang/reflect/TypeVariable done
Event: 5.866 loading class sun/reflect/generics/reflectiveObjects/TypeVariableImpl
Event: 5.867 loading class sun/reflect/generics/reflectiveObjects/LazyReflectiveObjectGenerator
Event: 5.867 loading class sun/reflect/generics/reflectiveObjects/LazyReflectiveObjectGenerator done
Event: 5.867 loading class sun/reflect/generics/reflectiveObjects/TypeVariableImpl done
Event: 5.867 loading class io/objectbox/Box
Event: 5.867 loading class io/objectbox/Box done
Event: 5.868 loading class com/mntanproject/pos/database/Util
Event: 5.868 loading class com/mntanproject/pos/database/Util done
Event: 5.869 loading class mntanproject/core/server/response/HttpResponse
Event: 5.869 loading class mntanproject/core/server/response/HttpResponse done
Event: 5.870 loading class io/objectbox/query/QueryBuilder
Event: 5.870 loading class io/objectbox/query/QueryBuilder done
Event: 5.871 loading class sun/reflect/NativeMethodAccessorImpl
Event: 5.871 loading class sun/reflect/NativeMethodAccessorImpl done
Event: 5.871 loading class sun/reflect/DelegatingMethodAccessorImpl
Event: 5.871 loading class sun/reflect/DelegatingMethodAccessorImpl done
Event: 5.871 loading class mntanproject/core/server/response/StatusCode
Event: 5.871 loading class mntanproject/core/server/response/StatusCode done
Event: 5.872 loading class mntanproject/core/server/response/ContentType
Event: 5.872 loading class mntanproject/core/server/response/ContentType done
Event: 5.873 loading class io/objectbox/query/QueryBuilder$Operator
Event: 5.873 loading class io/objectbox/query/QueryBuilder$Operator done
Event: 5.874 loading class java/util/HashMap$KeyIterator
Event: 5.874 loading class java/util/HashMap$KeyIterator done
Event: 5.875 loading class sun/reflect/UnsafeFieldAccessorFactory
Event: 5.875 loading class sun/reflect/UnsafeFieldAccessorFactory done
Event: 5.875 loading class sun/reflect/UnsafeQualifiedStaticObjectFieldAccessorImpl
Event: 5.875 loading class sun/reflect/UnsafeQualifiedStaticFieldAccessorImpl
Event: 5.875 loading class sun/reflect/UnsafeQualifiedStaticFieldAccessorImpl done
Event: 5.875 loading class sun/reflect/UnsafeQualifiedStaticObjectFieldAccessorImpl done
Event: 5.876 loading class io/objectbox/query/Query
Event: 5.876 loading class io/objectbox/query/Query done
Event: 5.878 loading class io/objectbox/query/BreakForEach
Event: 5.878 loading class io/objectbox/query/BreakForEach done
Event: 5.878 loading class io/objectbox/query/QueryPublisher
Event: 5.878 loading class io/objectbox/query/QueryPublisher done
Event: 5.878 loading class java/util/concurrent/CopyOnWriteArraySet
Event: 5.879 loading class java/util/concurrent/CopyOnWriteArraySet done
Event: 5.879 loading class java/util/concurrent/CopyOnWriteArrayList
Event: 5.879 loading class java/util/concurrent/CopyOnWriteArrayList done
Event: 5.879 loading class java/lang/invoke/LambdaMetafactory
Event: 5.879 loading class java/lang/invoke/LambdaMetafactory done
Event: 5.879 loading class java/lang/invoke/MethodHandles$Lookup
Event: 5.879 loading class java/lang/invoke/MethodHandles$Lookup done
Event: 5.880 loading class java/lang/invoke/MethodType$ConcurrentWeakInternSet
Event: 5.880 loading class java/lang/invoke/MethodType$ConcurrentWeakInternSet done
Event: 5.880 loading class java/lang/invoke/MethodTypeForm
Event: 5.880 loading class java/lang/invoke/MethodTypeForm done
Event: 5.880 loading class java/lang/invoke/Invokers
Event: 5.880 loading class java/lang/invoke/Invokers done
Event: 5.880 loading class java/lang/invoke/MethodType$ConcurrentWeakInternSet$WeakEntry
Event: 5.880 loading class java/lang/invoke/MethodType$ConcurrentWeakInternSet$WeakEntry done
Event: 5.880 loading class java/lang/invoke/MethodHandles
Event: 5.880 loading class java/lang/invoke/MethodHandles done
Event: 5.880 loading class sun/invoke/util/Wrapper
Event: 5.881 loading class sun/invoke/util/Wrapper done
Event: 5.881 loading class sun/invoke/util/Wrapper$Format
Event: 5.881 loading class sun/invoke/util/Wrapper$Format done
Event: 5.881 loading class java/lang/Byte$ByteCache
Event: 5.881 loading class java/lang/Byte$ByteCache done
Event: 5.881 loading class java/lang/Short$ShortCache
Event: 5.881 loading class java/lang/Short$ShortCache done
Event: 5.881 loading class java/lang/Character$CharacterCache
Event: 5.882 loading class java/lang/Character$CharacterCache done
Event: 5.882 loading class java/lang/Long$LongCache
Event: 5.882 loading class java/lang/Long$LongCache done
Event: 5.882 loading class sun/invoke/util/VerifyAccess
Event: 5.883 loading class sun/invoke/util/VerifyAccess done
Event: 5.883 loading class sun/invoke/util/ValueConversions
Event: 5.883 loading class sun/invoke/util/ValueConversions done
Event: 5.884 loading class java/lang/invoke/LambdaForm$BasicType
Event: 5.884 loading class java/lang/invoke/LambdaForm$BasicType done
Event: 5.884 loading class java/lang/invoke/LambdaForm$Name
Event: 5.885 loading class java/lang/invoke/LambdaForm$Name done
Event: 5.885 loading class java/lang/invoke/LambdaForm$NamedFunction
Event: 5.885 loading class java/lang/invoke/LambdaForm$NamedFunction done
Event: 5.886 loading class java/lang/invoke/SimpleMethodHandle
Event: 5.886 loading class java/lang/invoke/BoundMethodHandle
Event: 5.886 loading class java/lang/invoke/BoundMethodHandle done
Event: 5.886 loading class java/lang/invoke/SimpleMethodHandle done
Event: 5.887 loading class java/lang/invoke/BoundMethodHandle$SpeciesData
Event: 5.887 loading class java/lang/invoke/BoundMethodHandle$SpeciesData done
Event: 5.887 loading class java/lang/invoke/BoundMethodHandle$Factory
Event: 5.887 loading class java/lang/invoke/BoundMethodHandle$Factory done
Event: 5.887 loading class java/lang/invoke/BoundMethodHandle$Species_L
Event: 5.887 loading class java/lang/invoke/BoundMethodHandle$Species_L done
Event: 5.887 loading class sun/invoke/util/BytecodeDescriptor
Event: 5.888 loading class sun/invoke/util/BytecodeDescriptor done
Event: 5.888 loading class java/lang/invoke/DirectMethodHandle$Lazy
Event: 5.888 loading class java/lang/invoke/DirectMethodHandle$Lazy done
Event: 5.888 loading class java/lang/invoke/DirectMethodHandle$Interface
Event: 5.888 loading class java/lang/invoke/DirectMethodHandle$Interface done
Event: 5.888 loading class java/util/AbstractList$Itr
Event: 5.888 loading class java/util/AbstractList$Itr done
Event: 5.889 loading class java/lang/invoke/InvokerBytecodeGenerator
Event: 5.889 loading class java/lang/invoke/InvokerBytecodeGenerator done
Event: 5.889 loading class jdk/internal/org/objectweb/asm/ClassWriter
Event: 5.890 loading class jdk/internal/org/objectweb/asm/ClassVisitor
Event: 5.890 loading class jdk/internal/org/objectweb/asm/ClassVisitor done
Event: 5.890 loading class jdk/internal/org/objectweb/asm/ClassWriter done
Event: 5.890 loading class jdk/internal/org/objectweb/asm/ByteVector
Event: 5.890 loading class jdk/internal/org/objectweb/asm/ByteVector done
Event: 5.890 loading class jdk/internal/org/objectweb/asm/Item
Event: 5.890 loading class jdk/internal/org/objectweb/asm/Item done
Event: 5.890 loading class jdk/internal/org/objectweb/asm/MethodWriter
Event: 5.891 loading class jdk/internal/org/objectweb/asm/MethodVisitor
Event: 5.892 loading class jdk/internal/org/objectweb/asm/MethodVisitor done
Event: 5.892 loading class jdk/internal/org/objectweb/asm/MethodWriter done
Event: 5.892 loading class jdk/internal/org/objectweb/asm/Type
Event: 5.893 loading class jdk/internal/org/objectweb/asm/Type done
Event: 5.893 loading class jdk/internal/org/objectweb/asm/Label
Event: 5.893 loading class jdk/internal/org/objectweb/asm/Label done
Event: 5.893 loading class jdk/internal/org/objectweb/asm/Frame
Event: 5.893 loading class jdk/internal/org/objectweb/asm/Frame done
Event: 5.893 loading class jdk/internal/org/objectweb/asm/AnnotationWriter
Event: 5.893 loading class jdk/internal/org/objectweb/asm/AnnotationVisitor
Event: 5.893 loading class jdk/internal/org/objectweb/asm/AnnotationVisitor done
Event: 5.893 loading class jdk/internal/org/objectweb/asm/AnnotationWriter done
Event: 5.893 loading class java/lang/invoke/MethodHandleImpl$Intrinsic
Event: 5.893 loading class java/lang/invoke/MethodHandleImpl$Intrinsic done
Event: 5.894 loading class java/lang/invoke/InvokerBytecodeGenerator$2
Event: 5.894 loading class java/lang/invoke/InvokerBytecodeGenerator$2 done
Event: 5.894 loading class sun/invoke/util/VerifyType
Event: 5.894 loading class sun/invoke/util/VerifyType done
Event: 5.895 loading class sun/invoke/empty/Empty
Event: 5.895 loading class sun/invoke/empty/Empty done
Event: 5.895 loading class java/util/HashMap$Values
Event: 5.895 loading class java/util/HashMap$Values done
Event: 5.895 loading class java/util/HashMap$ValueIterator
Event: 5.895 loading class java/util/HashMap$ValueIterator done
Event: 5.898 loading class java/lang/invoke/InvokerBytecodeGenerator$CpPatch
Event: 5.898 loading class java/lang/invoke/InvokerBytecodeGenerator$CpPatch done
Event: 5.898 loading class java/lang/invoke/DirectMethodHandle$Accessor
Event: 5.898 loading class java/lang/invoke/DirectMethodHandle$Accessor done
Event: 5.900 loading class java/util/RandomAccessSubList
Event: 5.901 loading class java/util/SubList
Event: 5.901 loading class java/util/SubList done
Event: 5.901 loading class java/util/RandomAccessSubList done
Event: 5.901 loading class java/util/SubList$1
Event: 5.901 loading class java/util/SubList$1 done
Event: 5.901 loading class java/util/AbstractList$ListItr
Event: 5.901 loading class java/util/AbstractList$ListItr done
Event: 5.904 loading class java/lang/invoke/DirectMethodHandle$Special
Event: 5.904 loading class java/lang/invoke/DirectMethodHandle$Special done
Event: 5.904 loading class io/objectbox/query/Query
Event: 5.904 loading class io/objectbox/query/Query done
Event: 5.904 loading class java/util/concurrent/Callable
Event: 5.904 loading class java/util/concurrent/Callable done
Event: 5.904 loading class java/lang/invoke/MethodHandleImpl$AsVarargsCollector
Event: 5.904 loading class java/lang/invoke/DelegatingMethodHandle
Event: 5.905 loading class java/lang/invoke/DelegatingMethodHandle done
Event: 5.905 loading class java/lang/invoke/MethodHandleImpl$AsVarargsCollector done
Event: 5.905 loading class java/lang/invoke/WrongMethodTypeException
Event: 5.905 loading class java/lang/invoke/WrongMethodTypeException done
Event: 5.907 loading class java/lang/invoke/MethodHandleImpl$Lazy
Event: 5.907 loading class java/lang/invoke/MethodHandleImpl$Lazy done
Event: 5.909 loading class java/lang/invoke/MethodHandleImpl$IntrinsicMethodHandle
Event: 5.909 loading class java/lang/invoke/MethodHandleImpl$IntrinsicMethodHandle done
Event: 5.921 loading class java/lang/invoke/LambdaFormEditor
Event: 5.922 loading class java/lang/invoke/LambdaFormEditor done
Event: 5.922 loading class java/lang/invoke/LambdaFormEditor$Transform$Kind
Event: 5.922 loading class java/lang/invoke/LambdaFormEditor$Transform$Kind done
Event: 5.922 loading class java/lang/invoke/LambdaFormEditor$Transform
Event: 5.922 loading class java/lang/invoke/LambdaFormEditor$Transform done
Event: 5.922 loading class java/lang/invoke/LambdaFormBuffer
Event: 5.922 loading class java/lang/invoke/LambdaFormBuffer done
Event: 5.926 loading class java/lang/invoke/BoundMethodHandle$SpeciesData$1
Event: 5.927 loading class java/lang/invoke/BoundMethodHandle$SpeciesData$1 done
Event: 5.927 loading class java/lang/invoke/BoundMethodHandle$Factory$1
Event: 5.927 loading class java/lang/invoke/BoundMethodHandle$Factory$1 done
Event: 5.927 loading class java/util/concurrent/ConcurrentHashMap$ReservationNode
Event: 5.927 loading class java/util/concurrent/ConcurrentHashMap$ReservationNode done
Event: 5.927 loading class jdk/internal/org/objectweb/asm/FieldWriter
Event: 5.927 loading class jdk/internal/org/objectweb/asm/FieldVisitor
Event: 5.927 loading class jdk/internal/org/objectweb/asm/FieldVisitor done
Event: 5.927 loading class jdk/internal/org/objectweb/asm/FieldWriter done
Event: 5.928 loading class sun/reflect/UnsafeStaticObjectFieldAccessorImpl
Event: 5.928 loading class sun/reflect/UnsafeStaticObjectFieldAccessorImpl done
Event: 5.932 loading class java/lang/invoke/InnerClassLambdaMetafactory
Event: 5.932 loading class java/lang/invoke/AbstractValidatingLambdaMetafactory
Event: 5.932 loading class java/lang/invoke/AbstractValidatingLambdaMetafactory done
Event: 5.932 loading class java/lang/invoke/InnerClassLambdaMetafactory done
Event: 5.932 loading class java/util/PropertyPermission
Event: 5.932 loading class java/util/PropertyPermission done
Event: 5.933 loading class java/security/AccessController$1
Event: 5.933 loading class java/security/AccessController$1 done
Event: 5.933 loading class sun/security/util/SecurityConstants
Event: 5.933 loading class sun/security/util/SecurityConstants done
Event: 5.933 loading class java/net/NetPermission
Event: 5.933 loading class java/net/NetPermission done
Event: 5.933 loading class java/security/SecurityPermission
Event: 5.933 loading class java/security/SecurityPermission done
Event: 5.933 loading class java/net/SocketPermission
Event: 5.933 loading class java/net/SocketPermission done
Event: 5.933 loading class java/security/AllPermissionCollection
Event: 5.933 loading class java/security/AllPermissionCollection done
Event: 5.933 loading class java/lang/invoke/InfoFromMemberName
Event: 5.933 loading class java/lang/invoke/MethodHandleInfo
Event: 5.933 loading class java/lang/invoke/MethodHandleInfo done
Event: 5.933 loading class java/lang/invoke/InfoFromMemberName done
Event: 5.934 loading class java/lang/invoke/InnerClassLambdaMetafactory$ForwardingMethodGenerator
Event: 5.934 loading class java/lang/invoke/TypeConvertingMethodAdapter
Event: 5.934 loading class java/lang/invoke/TypeConvertingMethodAdapter done
Event: 5.934 loading class java/lang/invoke/InnerClassLambdaMetafactory$ForwardingMethodGenerator done
Event: 5.935 loading class io/objectbox/Transaction
Event: 5.935 loading class io/objectbox/Transaction done
Event: 5.936 loading class io/objectbox/InternalAccess
Event: 5.936 loading class io/objectbox/InternalAccess done
Event: 5.937 loading class io/objectbox/relation/ToMany
Event: 5.937 loading class io/objectbox/relation/ToMany done
Event: 5.938 loading class io/objectbox/exception/DbDetachedException
Event: 5.938 loading class io/objectbox/exception/DbDetachedException done
Event: 5.938 loading class io/objectbox/relation/ListFactory
Event: 5.938 loading class io/objectbox/relation/ListFactory done
Event: 5.939 loading class io/objectbox/relation/ToOne
Event: 5.939 loading class io/objectbox/relation/ToOne done
Event: 5.940 loading class java/util/concurrent/ConcurrentHashMap$ValueIterator
Event: 5.940 loading class java/util/concurrent/ConcurrentHashMap$BaseIterator
Event: 5.940 loading class java/util/concurrent/ConcurrentHashMap$Traverser
Event: 5.940 loading class java/util/concurrent/ConcurrentHashMap$Traverser done
Event: 5.940 loading class java/util/concurrent/ConcurrentHashMap$BaseIterator done
Event: 5.940 loading class java/util/concurrent/ConcurrentHashMap$ValueIterator done


Dynamic libraries:
0x00007ff6f0310000 - 0x00007ff6f039b000 	D:\SelfProject\DevelopmentSoftware\java-1.8.0-openjdk-1.8.0.201-2.b09.redhat.windows.x86_64\java-1.8.0-openjdk-1.8.0.201-2.b09.redhat.windows.x86_64\bin\java.exe
0x00007ff88fd30000 - 0x00007ff88ff25000 	C:\Windows\SYSTEM32\ntdll.dll
0x00007ff855630000 - 0x00007ff855642000 	C:\Program Files\Avast Software\Avast\aswhook.dll
0x00007ff88fc20000 - 0x00007ff88fcdd000 	C:\Windows\System32\KERNEL32.DLL
0x00007ff88d700000 - 0x00007ff88d9c9000 	C:\Windows\System32\KERNELBASE.dll
0x00007ff88e4f0000 - 0x00007ff88e59c000 	C:\Windows\System32\ADVAPI32.dll
0x00007ff88e980000 - 0x00007ff88ea1e000 	C:\Windows\System32\msvcrt.dll
0x00007ff88e820000 - 0x00007ff88e8bc000 	C:\Windows\System32\sechost.dll
0x00007ff88ddc0000 - 0x00007ff88deeb000 	C:\Windows\System32\RPCRT4.dll
0x00007ff88e5a0000 - 0x00007ff88e740000 	C:\Windows\System32\USER32.dll
0x00007ff88d6d0000 - 0x00007ff88d6f2000 	C:\Windows\System32\win32u.dll
0x00007ff88dd90000 - 0x00007ff88ddba000 	C:\Windows\System32\GDI32.dll
0x00007ff88d5c0000 - 0x00007ff88d6cb000 	C:\Windows\System32\gdi32full.dll
0x00007ff88d470000 - 0x00007ff88d50d000 	C:\Windows\System32\msvcp_win.dll
0x00007ff88d9d0000 - 0x00007ff88dad0000 	C:\Windows\System32\ucrtbase.dll
0x00007ff879350000 - 0x00007ff8795ea000 	C:\Windows\WinSxS\amd64_microsoft.windows.common-controls_6595b64144ccf1df_6.0.19041.844_none_ca00b6081b84eb1d\COMCTL32.dll
0x00007ff88df80000 - 0x00007ff88dfb0000 	C:\Windows\System32\IMM32.DLL
0x00007ff88d050000 - 0x00007ff88d147000 	C:\Windows\system32\guard64.dll
0x00007ff88d040000 - 0x00007ff88d04a000 	C:\Windows\system32\version.dll
0x00007ff88f6c0000 - 0x00007ff88f7ea000 	C:\Windows\System32\ole32.dll
0x00007ff88e010000 - 0x00007ff88e365000 	C:\Windows\System32\combase.dll
0x00007ff88d030000 - 0x00007ff88d03b000 	C:\Windows\system32\fltlib.dll
0x00007ff88ea20000 - 0x00007ff88f162000 	C:\Windows\System32\shell32.dll
0x000000005b200000 - 0x000000005b2d2000 	D:\SelfProject\DevelopmentSoftware\java-1.8.0-openjdk-1.8.0.201-2.b09.redhat.windows.x86_64\java-1.8.0-openjdk-1.8.0.201-2.b09.redhat.windows.x86_64\jre\bin\msvcr100.dll
0x000000005a930000 - 0x000000005b1f2000 	D:\SelfProject\DevelopmentSoftware\java-1.8.0-openjdk-1.8.0.201-2.b09.redhat.windows.x86_64\java-1.8.0-openjdk-1.8.0.201-2.b09.redhat.windows.x86_64\jre\bin\server\jvm.dll
0x00007ff88f880000 - 0x00007ff88f888000 	C:\Windows\System32\PSAPI.DLL
0x00007ff87a3b0000 - 0x00007ff87a3b9000 	C:\Windows\SYSTEM32\WSOCK32.dll
0x00007ff88f810000 - 0x00007ff88f87b000 	C:\Windows\System32\WS2_32.dll
0x00007ff87c750000 - 0x00007ff87c777000 	C:\Windows\SYSTEM32\WINMM.dll
0x00007ff8745d0000 - 0x00007ff8745df000 	D:\SelfProject\DevelopmentSoftware\java-1.8.0-openjdk-1.8.0.201-2.b09.redhat.windows.x86_64\java-1.8.0-openjdk-1.8.0.201-2.b09.redhat.windows.x86_64\jre\bin\verify.dll
0x00007ff86ca20000 - 0x00007ff86ca49000 	D:\SelfProject\DevelopmentSoftware\java-1.8.0-openjdk-1.8.0.201-2.b09.redhat.windows.x86_64\java-1.8.0-openjdk-1.8.0.201-2.b09.redhat.windows.x86_64\jre\bin\java.dll
0x00007ff86c940000 - 0x00007ff86c956000 	D:\SelfProject\DevelopmentSoftware\java-1.8.0-openjdk-1.8.0.201-2.b09.redhat.windows.x86_64\java-1.8.0-openjdk-1.8.0.201-2.b09.redhat.windows.x86_64\jre\bin\zip.dll
0x00007ff88b0a0000 - 0x00007ff88b830000 	C:\Windows\SYSTEM32\windows.storage.dll
0x00007ff88ccf0000 - 0x00007ff88cd1c000 	C:\Windows\SYSTEM32\Wldp.dll
0x00007ff88e8d0000 - 0x00007ff88e97e000 	C:\Windows\System32\SHCORE.dll
0x00007ff88e490000 - 0x00007ff88e4e5000 	C:\Windows\System32\shlwapi.dll
0x00007ff88d3b0000 - 0x00007ff88d3cf000 	C:\Windows\SYSTEM32\profapi.dll
0x00007ff825120000 - 0x00007ff825203000 	C:\mntanprojectposdesktop\objectbox-jni-windows-x64.dll
0x00007ff887e80000 - 0x00007ff887f1e000 	C:\Windows\SYSTEM32\MSVCP140.dll
0x00007ff8886b0000 - 0x00007ff8886c7000 	C:\Windows\SYSTEM32\VCRUNTIME140.dll
0x00007ff88cc60000 - 0x00007ff88cc6c000 	C:\Windows\SYSTEM32\CRYPTBASE.DLL
0x00007ff866dd0000 - 0x00007ff866dea000 	D:\SelfProject\DevelopmentSoftware\java-1.8.0-openjdk-1.8.0.201-2.b09.redhat.windows.x86_64\java-1.8.0-openjdk-1.8.0.201-2.b09.redhat.windows.x86_64\jre\bin\net.dll
0x00007ff876b80000 - 0x00007ff876d6e000 	C:\Windows\SYSTEM32\urlmon.dll
0x00007ff874790000 - 0x00007ff874a40000 	C:\Windows\SYSTEM32\iertutil.dll
0x00007ff88ca70000 - 0x00007ff88cada000 	C:\Windows\system32\mswsock.dll
0x00007ff88b900000 - 0x00007ff88bae4000 	C:\Windows\SYSTEM32\dbghelp.dll
0x00007ff88dcc0000 - 0x00007ff88dd40000 	C:\Windows\System32\bcryptPrimitives.dll

VM Arguments:
jvm_args: -Dfile.encoding=windows-1252 -Duser.country=US -Duser.language=en -Duser.variant 
java_command: Main
java_class_path (initial): C:\mntanprojectposdesktop\build\classes\java\main;C:\mntanprojectposdesktop\build\resources\main;C:\Users\MnAsusPC\.m2\repository\mntanproject\mnserver\2.0\mnserver-2.0.jar;C:\Users\MnAsusPC\.gradle\caches\modules-2\files-2.1\io.objectbox\objectbox-java\2.8.0\e5854ac32c3c552db4c55656ba1cb993469cde65\objectbox-java-2.8.0.jar;C:\Users\MnAsusPC\.gradle\caches\modules-2\files-2.1\io.objectbox\objectbox-windows\2.8.0\5abb89142d5e0ea8483959d88bf3aef8a10b285d\objectbox-windows-2.8.0.jar;C:\Users\MnAsusPC\.gradle\caches\modules-2\files-2.1\io.objectbox\objectbox-linux\2.8.0\4dfc2cfd51c2d9610da9e300a1aa4401ef61c299\objectbox-linux-2.8.0.jar;C:\Users\MnAsusPC\.gradle\caches\modules-2\files-2.1\io.objectbox\objectbox-macos\2.8.0\b3b6973af74df3aefaba02b8587f2238da86c798\objectbox-macos-2.8.0.jar;C:\Users\MnAsusPC\.gradle\caches\modules-2\files-2.1\com.google.code.gson\gson\2.8.6\9180733b7df8542621dc12e21e87557e8c99b8cb\gson-2.8.6.jar;C:\Users\MnAsusPC\.gradle\caches\modules-2\files-2.1\com.squareup.okhttp3\okhttp\4.9.0\8e17601d3bdc8cf57902c154de021931d2c27c1\okhttp-4.9.0.jar;C:\Users\MnAsusPC\.gradle\caches\modules-2\files-2.1\io.objectbox\objectbox-java-api\2.8.0\5cfa34f0bff4c675909e25a4b6f065f4fe2da817\objectbox-java-api-2.8.0.jar;C:\Users\MnAsusPC\.gradle\caches\modules-2\files-2.1\com.google.code.findbugs\jsr305\3.0.2\25ea2e8b0c338a877313bd4672d3fe056ea78f0d\jsr305-3.0.2.jar;C:\Users\MnAsusPC\.gradle\caches\modules-2\files-2.1\org.greenrobot\essentials\3.1.0\3bd606485d1626d3e61efa265e53235cfc47a8b6\essentials-3.1.0.jar;C:\Users\MnAsusPC\.gradle\caches\modules-2\files-2.1\com.google.flatbuffers\flatbuffers-java\1.12.0\8201cc7b511177a37071249e891f2f2fea4b32e9\flatbuffers-java-1.12.0.jar;C:\Users\MnAsusPC\.gradle\caches\modules-2\files-2.1\com.squareup.okio\okio\2.8.0\49b64e09d81c0cc84b267edd0c2fd7df5a64c78c\okio-jvm-2.8.0.jar;C:\Users\MnAsusPC\.gradle\caches\modules-2\files-2.1\org.jetbrains.kotlin\kotlin-stdlib\1.4.10\ea29e063d2bbe695be13e9d044dc
Launcher Type: SUN_STANDARD

Environment Variables:
JAVA_HOME=D:\SelfProject\DevelopmentSoftware\java-1.8.0-openjdk-1.8.0.201-2.b09.redhat.windows.x86_64\java-1.8.0-openjdk-1.8.0.201-2.b09.redhat.windows.x86_64
PATH=C:\Windows\system32;C:\Windows;C:\Windows\System32\Wbem;C:\Windows\System32\WindowsPowerShell\v1.0\;C:\Windows\System32\OpenSSH\;C:\Program Files (x86)\NVIDIA Corporation\PhysX\Common;C:\Program Files\NVIDIA Corporation\NVIDIA NvDLISR;C:\Program Files (x86)\Brackets\command;C:\Program Files\Git\cmd;C:\Program Files\TortoiseSVN\bin;D:\Php\nov2020\wamp64\bin\php\php7.3.21;C:\ProgramData\ComposerSetup\bin;C:\Program Files\nodejs\;C:\development-tools\gradle-6.7.1-bin\gradle-6.7.1\bin;C:\Users\MnAsusPC\AppData\Local\Microsoft\WindowsApps;D:\AsusAug20\ffmpeg\bin;C:\Users\MnAsusPC\AppData\Roaming\Composer\vendor\bin;C:\Users\MnAsusPC\AppData\Local\GitHubDesktop\bin;C:\Users\MnAsusPC\AppData\Roaming\npm;C:\Users\MnAsusPC\AppData\Local\Programs\Microsoft VS Code\bin;D:\SelfProject\DevelopmentSoftware\java-1.8.0-openjdk-1.8.0.201-2.b09.redhat.windows.x86_64\java-1.8.0-openjdk-1.8.0.201-2.b09.redhat.windows.x86_64\bin;;C:\Program Files\JetBrains\IntelliJ IDEA Community Edition 2020.3\bin;
USERNAME=MnAsusPC
OS=Windows_NT
PROCESSOR_IDENTIFIER=Intel64 Family 6 Model 158 Stepping 9, GenuineIntel



---------------  S Y S T E M  ---------------

OS: Windows 10.0 , 64 bit Build 19041 (10.0.19041.804)

CPU:total 8 (initial active 8) (4 cores per cpu, 2 threads per core) family 6 model 158 stepping 9, cmov, cx8, fxsr, mmx, sse, sse2, sse3, ssse3, sse4.1, sse4.2, popcnt, avx, avx2, aes, clmul, erms, 3dnowpref, lzcnt, ht, tsc, tscinvbit, bmi1, bmi2, adx

Memory: 4k page, physical 8270676k(1899708k free), swap 12727124k(3366960k free)

vm_info: OpenJDK 64-Bit Server VM (25.201-b09) for windows-amd64 JRE (1.8.0_201-2-redhat-b09), built on Jan 25 2019 14:31:39 by "build" with MS VC++ 10.0 (VS2010)

time: Tue Mar 16 10:45:56 2021
timezone: SE Asia Standard Time
elapsed time: 5 seconds (0d 0h 0m 5s)

