#
# A fatal error has been detected by the Java Runtime Environment:
#
#  EXCEPTION_ACCESS_VIOLATION (0xc0000005) at pc=0x00007ff825198d98, pid=6880, tid=0x0000000000001914
#
# JRE version: OpenJDK Runtime Environment (8.0_201-b09) (build 1.8.0_201-2-redhat-b09)
# Java VM: OpenJDK 64-Bit Server VM (25.201-b09 mixed mode windows-amd64 compressed oops)
# Problematic frame:
# C  [objectbox-jni-windows-x64.dll+0x78d98]
#
# Failed to write core dump. Minidumps are not enabled by default on client versions of Windows
#
# If you would like to submit a bug report, please visit:
#   http://bugreport.java.com/bugreport/crash.jsp
# The crash happened outside the Java Virtual Machine in native code.
# See problematic frame for where to report the bug.
#

---------------  T H R E A D  ---------------

Current thread (0x00000000190ee000):  JavaThread "pool-1-thread-1" [_thread_in_native, id=6420, stack(0x000000001af20000,0x000000001b020000)]

siginfo: ExceptionCode=0xc0000005, reading address 0x0000000000000028

Registers:
RAX=0x0000000000f5a1b0, RBX=0x0000000000000000, RCX=0x0000000000000020, RDX=0x0000000000250025
RSP=0x000000001b01e500, RBP=0x0000000000f62600, RSI=0x0000000000f5a1b0, RDI=0x00000000ffffffff
R8 =0x0000000000000025, R9 =0x0000000000000038, R10=0x0000000000000000, R11=0x0e5f9bd5e00fbeee
R12=0x0000000000000005, R13=0x0000000000000000, R14=0x0000000000f5af70, R15=0x0000000000000000
RIP=0x00007ff825198d98, EFLAGS=0x0000000000010202

Top of Stack: (sp=0x000000001b01e500)
0x000000001b01e500:   00000000190a7c90 00000000190a7c90
0x000000001b01e510:   00000000190a7c98 000000000000004e
0x000000001b01e520:   00000000190ee000 00000000190ee000
0x000000001b01e530:   000000000000004e 00000000178812e0
0x000000001b01e540:   0000000000f5a1b0 fffffffffffffffe
0x000000001b01e550:   0000000018e479a0 00000000000003d8
0x000000001b01e560:   0000000000000000 000000001b01e800
0x000000001b01e570:   00000000190ee000 00007ff825158906
0x000000001b01e580:   00000000190a7c50 00000000190a7c90
0x000000001b01e590:   0000c0fb7dbac278 00000000000000d8
0x000000001b01e5a0:   0000000000000000 0000000000f5acb0
0x000000001b01e5b0:   0000000000000000 00000000ffffffff
0x000000001b01e5c0:   0000000000f5af70 000000001b01e818
0x000000001b01e5d0:   0000000000f53fa0 00007ff825141e81
0x000000001b01e5e0:   0000000100065b90 0000000000000005
0x000000001b01e5f0:   0000000019061b00 000000001b01e8f0 

Instructions: (pc=0x00007ff825198d98)
0x00007ff825198d78:   70 48 89 58 78 89 98 80 00 00 00 66 89 98 84 00
0x00007ff825198d88:   00 00 eb 03 48 8b f3 48 89 74 24 40 49 8d 4d 20
0x00007ff825198d98:   48 8b 51 08 48 39 51 10 74 0d 48 8b fb 48 89 32
0x00007ff825198da8:   48 83 41 08 08 eb 0f 4c 8d 44 24 40 e8 e7 18 ff 


Register to memory mapping:

RAX=0x0000000000f5a1b0 is an unknown value
RBX=0x0000000000000000 is an unknown value
RCX=0x0000000000000020 is an unknown value
RDX=0x0000000000250025 is an unknown value
RSP=0x000000001b01e500 is pointing into the stack for thread: 0x00000000190ee000
RBP=0x0000000000f62600 is an unknown value
RSI=0x0000000000f5a1b0 is an unknown value
RDI=0x00000000ffffffff is an unallocated location in the heap
R8 =0x0000000000000025 is an unknown value
R9 =0x0000000000000038 is an unknown value
R10=0x0000000000000000 is an unknown value
R11=0x0e5f9bd5e00fbeee is an unknown value
R12=0x0000000000000005 is an unknown value
R13=0x0000000000000000 is an unknown value
R14=0x0000000000f5af70 is an unknown value
R15=0x0000000000000000 is an unknown value


Stack: [0x000000001af20000,0x000000001b020000],  sp=0x000000001b01e500,  free space=1017k
Native frames: (J=compiled Java code, j=interpreted, Vv=VM code, C=native code)
C  [objectbox-jni-windows-x64.dll+0x78d98]
C  [objectbox-jni-windows-x64.dll+0x21e81]
C  0x0000000002ed89a7

Java frames: (J=compiled Java code, j=interpreted, Vv=VM code)
j  io.objectbox.query.QueryBuilder.nativeLink(JJIIIIZ)J+0
j  io.objectbox.query.QueryBuilder.link(Lio/objectbox/relation/RelationInfo;Lio/objectbox/EntityInfo;Lio/objectbox/EntityInfo;Z)Lio/objectbox/query/QueryBuilder;+67
j  io.objectbox.query.QueryBuilder.link(Lio/objectbox/relation/RelationInfo;)Lio/objectbox/query/QueryBuilder;+29
j  com.mntanproject.pos.purchase.PurchaseApi.paginator(Ljava/lang/String;)Lmntanproject/core/server/response/HttpResponse;+395
v  ~StubRoutines::call_stub
j  sun.reflect.NativeMethodAccessorImpl.invoke0(Ljava/lang/reflect/Method;Ljava/lang/Object;[Ljava/lang/Object;)Ljava/lang/Object;+0
j  sun.reflect.NativeMethodAccessorImpl.invoke(Ljava/lang/Object;[Ljava/lang/Object;)Ljava/lang/Object;+100
j  sun.reflect.DelegatingMethodAccessorImpl.invoke(Ljava/lang/Object;[Ljava/lang/Object;)Ljava/lang/Object;+6
j  java.lang.reflect.Method.invoke(Ljava/lang/Object;[Ljava/lang/Object;)Ljava/lang/Object;+56
j  mntanproject.core.server.route.Route.getReflectionResponse(Ljava/lang/String;)Lmntanproject/core/server/response/HttpResponse;+152
j  mntanproject.core.server.route.Route.getResponseFromClass(Lmntanproject/core/server/request/RegisteredRoute;)Lmntanproject/core/server/response/HttpResponse;+142
j  mntanproject.core.server.MnServer.handleRequest(Ljava/net/Socket;)V+37
j  mntanproject.core.server.MnServer.access$2(Lmntanproject/core/server/MnServer;Ljava/net/Socket;)V+2
j  mntanproject.core.server.MnServer$ConnectionProcessor.run()V+39
j  java.util.concurrent.ThreadPoolExecutor.runWorker(Ljava/util/concurrent/ThreadPoolExecutor$Worker;)V+95
j  java.util.concurrent.ThreadPoolExecutor$Worker.run()V+5
j  java.lang.Thread.run()V+11
v  ~StubRoutines::call_stub

---------------  P R O C E S S  ---------------

Java Threads: ( => current thread )
=>0x00000000190ee000 JavaThread "pool-1-thread-1" [_thread_in_native, id=6420, stack(0x000000001af20000,0x000000001b020000)]
  0x0000000002d24800 JavaThread "DestroyJavaVM" [_thread_blocked, id=17928, stack(0x0000000002b40000,0x0000000002c40000)]
  0x00000000190eb800 JavaThread "Thread-0" [_thread_in_native, id=15092, stack(0x000000001ae20000,0x000000001af20000)]
  0x0000000018eed000 JavaThread "Service Thread" daemon [_thread_blocked, id=9832, stack(0x000000001a900000,0x000000001aa00000)]
  0x0000000018e59800 JavaThread "C1 CompilerThread3" daemon [_thread_blocked, id=8996, stack(0x000000001a800000,0x000000001a900000)]
  0x0000000018e44800 JavaThread "C2 CompilerThread2" daemon [_thread_blocked, id=10412, stack(0x000000001a700000,0x000000001a800000)]
  0x0000000018df9000 JavaThread "C2 CompilerThread1" daemon [_thread_blocked, id=11488, stack(0x000000001a600000,0x000000001a700000)]
  0x0000000018df7000 JavaThread "C2 CompilerThread0" daemon [_thread_blocked, id=12912, stack(0x000000001a500000,0x000000001a600000)]
  0x0000000018df6800 JavaThread "Attach Listener" daemon [_thread_blocked, id=16600, stack(0x000000001a400000,0x000000001a500000)]
  0x0000000018df5800 JavaThread "Signal Dispatcher" daemon [_thread_blocked, id=17068, stack(0x000000001a300000,0x000000001a400000)]
  0x0000000018ddd000 JavaThread "Finalizer" daemon [_thread_blocked, id=14820, stack(0x000000001a100000,0x000000001a200000)]
  0x0000000018dd6000 JavaThread "Reference Handler" daemon [_thread_blocked, id=17348, stack(0x000000001a000000,0x000000001a100000)]

Other Threads:
  0x0000000018dd4800 VMThread [stack: 0x0000000019f00000,0x000000001a000000] [id=16648]
  0x0000000018e91000 WatcherThread [stack: 0x000000001aa00000,0x000000001ab00000] [id=17212]

VM state:not at safepoint (normal execution)

VM Mutex/Monitor currently owned by a thread: None

heap address: 0x0000000081c00000, size: 2020 MB, Compressed Oops mode: 32-bit
Narrow klass base: 0x0000000000000000, Narrow klass shift: 3
Compressed class space size: 1073741824 Address: 0x0000000100000000

Heap:
 PSYoungGen      total 38400K, used 9999K [0x00000000d5f00000, 0x00000000d8980000, 0x0000000100000000)
  eden space 33280K, 30% used [0x00000000d5f00000,0x00000000d68c3d88,0x00000000d7f80000)
  from space 5120K, 0% used [0x00000000d8480000,0x00000000d8480000,0x00000000d8980000)
  to   space 5120K, 0% used [0x00000000d7f80000,0x00000000d7f80000,0x00000000d8480000)
 ParOldGen       total 87552K, used 0K [0x0000000081c00000, 0x0000000087180000, 0x00000000d5f00000)
  object space 87552K, 0% used [0x0000000081c00000,0x0000000081c00000,0x0000000087180000)
 Metaspace       used 6968K, capacity 7076K, committed 7168K, reserved 1056768K
  class space    used 701K, capacity 762K, committed 768K, reserved 1048576K

Card table byte_map: [0x0000000012280000,0x0000000012680000] byte_map_base: 0x0000000011e72000

Marking Bits: (ParMarkBitMap*) 0x000000005b16ceb0
 Begin Bits: [0x0000000013130000, 0x00000000150c0000)
 End Bits:   [0x00000000150c0000, 0x0000000017050000)

Polling page: 0x0000000002a40000

CodeCache: size=245760Kb used=2066Kb max_used=2066Kb free=243693Kb
 bounds [0x0000000002ec0000, 0x0000000003130000, 0x0000000011ec0000]
 total_blobs=763 nmethods=428 adapters=249
 compilation: enabled

Compilation events (250 events):
Event: 6.012 Thread 0x0000000018e59800  246   !   3       sun.reflect.generics.parser.SignatureParser::current (40 bytes)
Event: 6.013 Thread 0x0000000018e59800 nmethod 246 0x000000000306f710 code [0x000000000306f880, 0x000000000306fa30]
Event: 6.013 Thread 0x0000000018e59800  247       3       java.lang.StringBuilder::append (8 bytes)
Event: 6.013 Thread 0x0000000018e59800 nmethod 247 0x000000000306fb50 code [0x000000000306fd00, 0x0000000003070298]
Event: 6.013 Thread 0x0000000018e59800  248       1       java.lang.Class::getClassLoader0 (5 bytes)
Event: 6.013 Thread 0x0000000018e59800 nmethod 248 0x00000000030705d0 code [0x0000000003070720, 0x0000000003070830]
Event: 6.013 Thread 0x0000000018e59800  249   !   3       java.lang.ClassLoader::getPackage (118 bytes)
Event: 6.014 Thread 0x0000000018e59800 nmethod 249 0x0000000003070890 code [0x0000000003070aa0, 0x00000000030717d8]
Event: 6.014 Thread 0x0000000018e59800  250   !   3       java.util.zip.InflaterInputStream::read (138 bytes)
Event: 6.014 Thread 0x0000000018e59800 nmethod 250 0x0000000003071f50 code [0x00000000030721c0, 0x00000000030732a8]
Event: 6.014 Thread 0x0000000018e59800  251       3       java.util.zip.InflaterInputStream::ensureOpen (18 bytes)
Event: 6.015 Thread 0x0000000018e59800 nmethod 251 0x0000000003073b50 code [0x0000000003073cc0, 0x0000000003073f08]
Event: 6.015 Thread 0x0000000018e59800  252       3       java.io.File::exists (43 bytes)
Event: 6.015 Thread 0x0000000018e59800 nmethod 252 0x0000000003073fd0 code [0x0000000003074160, 0x00000000030745e8]
Event: 6.015 Thread 0x0000000018e59800  253       3       java.util.ArrayList::ensureCapacityInternal (13 bytes)
Event: 6.015 Thread 0x0000000018e59800 nmethod 253 0x0000000003074710 code [0x00000000030748a0, 0x0000000003074c28]
Event: 6.015 Thread 0x0000000018e59800  254       3       java.util.ArrayList::calculateCapacity (16 bytes)
Event: 6.015 Thread 0x0000000018e59800 nmethod 254 0x0000000003074d90 code [0x0000000003074f00, 0x0000000003075130]
Event: 6.015 Thread 0x0000000018e59800  255       3       java.util.ArrayList::ensureExplicitCapacity (26 bytes)
Event: 6.015 Thread 0x0000000018e59800 nmethod 255 0x00000000030751d0 code [0x0000000003075340, 0x0000000003075528]
Event: 6.015 Thread 0x0000000018e59800  256       3       java.util.ArrayList::add (29 bytes)
Event: 6.015 Thread 0x0000000018e59800 nmethod 256 0x0000000003075610 code [0x00000000030757c0, 0x0000000003075d48]
Event: 6.016 Thread 0x0000000018e59800  258       1       java.lang.reflect.Method::getDeclaringClass (5 bytes)
Event: 6.016 Thread 0x0000000018e59800 nmethod 258 0x0000000003075fd0 code [0x0000000003076120, 0x0000000003076230]
Event: 6.016 Thread 0x0000000018e59800  257       1       java.lang.reflect.Method::getReturnType (5 bytes)
Event: 6.016 Thread 0x0000000018e59800 nmethod 257 0x0000000003076290 code [0x00000000030763e0, 0x00000000030764f0]
Event: 6.016 Thread 0x0000000018e59800  261       3       java.lang.reflect.Method::equals (69 bytes)
Event: 6.017 Thread 0x0000000018e59800 nmethod 261 0x0000000003076550 code [0x00000000030766e0, 0x0000000003077048]
Event: 6.017 Thread 0x0000000018e59800  259       1       java.lang.reflect.Method::getName (5 bytes)
Event: 6.017 Thread 0x0000000018e59800 nmethod 259 0x0000000003077190 code [0x00000000030772e0, 0x00000000030773f0]
Event: 6.017 Thread 0x0000000018e59800  260       1       java.lang.reflect.Method::getModifiers (5 bytes)
Event: 6.017 Thread 0x0000000018e59800 nmethod 260 0x0000000003077450 code [0x00000000030775a0, 0x00000000030776b0]
Event: 6.017 Thread 0x0000000018e59800  262       1       java.lang.Class$MethodArray::length (5 bytes)
Event: 6.017 Thread 0x0000000018e59800 nmethod 262 0x0000000003077710 code [0x0000000003077860, 0x0000000003077970]
Event: 6.018 Thread 0x0000000018e59800  263       1       java.nio.Buffer::limit (5 bytes)
Event: 6.018 Thread 0x0000000018e59800 nmethod 263 0x0000000003078c10 code [0x0000000003078d60, 0x0000000003078e70]
Event: 6.019 Thread 0x0000000018e59800  264       3       java.net.URLClassLoader$1::run (5 bytes)
Event: 6.019 Thread 0x0000000018e59800 nmethod 264 0x0000000003078ed0 code [0x0000000003079040, 0x00000000030791e8]
Event: 6.019 Thread 0x0000000018e59800  265   !   3       java.net.URLClassLoader$1::run (63 bytes)
Event: 6.019 Thread 0x0000000018e59800 nmethod 265 0x0000000003079290 code [0x0000000003079460, 0x0000000003079988]
Event: 6.019 Thread 0x0000000018e59800  266  s    3       sun.misc.Resource::cachedInputStream (20 bytes)
Event: 6.020 Thread 0x0000000018e59800 nmethod 266 0x0000000003079c50 code [0x0000000003079dc0, 0x000000000307a1a8]
Event: 6.020 Thread 0x0000000018e59800  267       3       java.security.CodeSource::getCertificates (98 bytes)
Event: 6.020 Thread 0x0000000018e59800 nmethod 267 0x000000000307a250 code [0x000000000307a480, 0x000000000307b078]
Event: 6.024 Thread 0x0000000018e59800  268       3       java.lang.Number::<init> (5 bytes)
Event: 6.024 Thread 0x0000000018e59800 nmethod 268 0x000000000307c510 code [0x000000000307c660, 0x000000000307c810]
Event: 6.024 Thread 0x0000000018e59800  269       3       java.lang.Byte::<init> (10 bytes)
Event: 6.024 Thread 0x0000000018e59800 nmethod 269 0x000000000307c8d0 code [0x000000000307ca40, 0x000000000307cc50]
Event: 6.025 Thread 0x0000000018e59800  270       3       java.lang.Short::<init> (10 bytes)
Event: 6.025 Thread 0x0000000018e59800 nmethod 270 0x000000000307cd10 code [0x000000000307ce80, 0x000000000307d090]
Event: 6.025 Thread 0x0000000018e59800  271       3       java.lang.Long::<init> (10 bytes)
Event: 6.025 Thread 0x0000000018e59800 nmethod 271 0x000000000307d150 code [0x000000000307d2c0, 0x000000000307d4d0]
Event: 6.030 Thread 0x0000000018e59800  274       3       java.lang.ref.SoftReference::get (29 bytes)
Event: 6.030 Thread 0x0000000018e59800 nmethod 274 0x000000000307ddd0 code [0x000000000307df20, 0x000000000307e110]
Event: 6.034 Thread 0x0000000018e59800  277  s    3       java.lang.StringBuffer::toString (36 bytes)
Event: 6.034 Thread 0x0000000018e59800 nmethod 277 0x000000000307f090 code [0x000000000307f220, 0x000000000307f6c8]
Event: 6.034 Thread 0x0000000018e59800  279       1       java.lang.Enum::ordinal (5 bytes)
Event: 6.034 Thread 0x0000000018e59800 nmethod 279 0x000000000307f810 code [0x000000000307f960, 0x000000000307fa70]
Event: 6.035 Thread 0x0000000018e59800  282       3       java.lang.Class::getClassLoader (28 bytes)
Event: 6.035 Thread 0x0000000018e59800 nmethod 282 0x000000000307fe50 code [0x0000000003080040, 0x0000000003080a38]
Event: 6.035 Thread 0x0000000018e59800  284       3       java.lang.invoke.MemberName::testFlags (16 bytes)
Event: 6.035 Thread 0x0000000018e59800 nmethod 284 0x0000000003081250 code [0x00000000030813a0, 0x0000000003081550]
Event: 6.035 Thread 0x0000000018e59800  285       3       java.lang.Class::getName (21 bytes)
Event: 6.035 Thread 0x0000000018e59800 nmethod 285 0x00000000030815d0 code [0x0000000003081740, 0x0000000003081928]
Event: 6.035 Thread 0x0000000018e59800  287       3       jdk.internal.org.objectweb.asm.ByteVector::putUTF8 (142 bytes)
Event: 6.036 Thread 0x0000000018e59800 nmethod 287 0x00000000030819d0 code [0x0000000003081bc0, 0x00000000030823b8]
Event: 6.036 Thread 0x0000000018e59800  288       1       java.lang.invoke.MethodType::returnType (5 bytes)
Event: 6.036 Thread 0x0000000018e59800 nmethod 288 0x0000000003082850 code [0x00000000030829a0, 0x0000000003082ab0]
Event: 6.036 Thread 0x0000000018e59800  289       1       java.lang.invoke.MemberName::getDeclaringClass (5 bytes)
Event: 6.036 Thread 0x0000000018e59800 nmethod 289 0x0000000003082b10 code [0x0000000003082c60, 0x0000000003082d70]
Event: 6.036 Thread 0x0000000018e59800  291       3       jdk.internal.org.objectweb.asm.ClassWriter::get (49 bytes)
Event: 6.037 Thread 0x0000000018e59800 nmethod 291 0x0000000003082dd0 code [0x0000000003082f60, 0x00000000030832e8]
Event: 6.037 Thread 0x0000000018e59800  290       3       jdk.internal.org.objectweb.asm.Item::set (143 bytes)
Event: 6.037 Thread 0x0000000018e59800 nmethod 290 0x0000000003083490 code [0x0000000003083640, 0x0000000003083cf8]
Event: 6.037 Thread 0x0000000018e59800  292       3       jdk.internal.org.objectweb.asm.Item::<init> (66 bytes)
Event: 6.037 Thread 0x0000000018e59800 nmethod 292 0x0000000003083f90 code [0x0000000003084100, 0x0000000003084330]
Event: 6.037 Thread 0x0000000018e59800  293       1       java.lang.invoke.MethodType$ConcurrentWeakInternSet$WeakEntry::hashCode (5 bytes)
Event: 6.037 Thread 0x0000000018e59800 nmethod 293 0x0000000003084410 code [0x0000000003084560, 0x0000000003084670]
Event: 6.037 Thread 0x0000000018e59800  294       3       jdk.internal.org.objectweb.asm.ByteVector::putShort (52 bytes)
Event: 6.037 Thread 0x0000000018e59800 nmethod 294 0x00000000030846d0 code [0x0000000003084840, 0x0000000003084a88]
Event: 6.037 Thread 0x0000000018e59800  295       3       jdk.internal.org.objectweb.asm.ByteVector::putByte (39 bytes)
Event: 6.038 Thread 0x0000000018e59800 nmethod 295 0x0000000003084bd0 code [0x0000000003084d40, 0x0000000003084f68]
Event: 6.038 Thread 0x0000000018e59800  296       3       jdk.internal.org.objectweb.asm.ClassWriter::newUTF8 (70 bytes)
Event: 6.038 Thread 0x0000000018e59800 nmethod 296 0x0000000003085090 code [0x0000000003085260, 0x00000000030856b8]
Event: 6.038 Thread 0x0000000018e59800  297       3       java.lang.invoke.MemberName::isInvocable (7 bytes)
Event: 6.038 Thread 0x0000000018e59800 nmethod 297 0x00000000030858d0 code [0x0000000003085a40, 0x0000000003085d10]
Event: 6.039 Thread 0x0000000018e59800  298       1       java.util.SubList::access$000 (5 bytes)
Event: 6.039 Thread 0x0000000018e59800 nmethod 298 0x0000000003085e10 code [0x0000000003085f60, 0x0000000003086050]
Event: 6.039 Thread 0x0000000018e59800  299       1       java.util.AbstractList$ListItr::nextIndex (5 bytes)
Event: 6.039 Thread 0x0000000018e59800 nmethod 299 0x00000000030860d0 code [0x0000000003086220, 0x0000000003086330]
Event: 6.039 Thread 0x0000000018e59800  300       1       java.util.SubList::access$200 (5 bytes)
Event: 6.039 Thread 0x0000000018e59800 nmethod 300 0x0000000003086390 code [0x00000000030864e0, 0x00000000030865d0]
Event: 6.039 Thread 0x0000000018e59800  301       3       java.util.Objects::requireNonNull (14 bytes)
Event: 6.039 Thread 0x0000000018e59800 nmethod 301 0x0000000003086650 code [0x00000000030867c0, 0x00000000030869e8]
Event: 6.039 Thread 0x0000000018e59800  302       3       java.lang.ref.Reference::<init> (7 bytes)
Event: 6.039 Thread 0x0000000018e59800 nmethod 302 0x0000000003086ad0 code [0x0000000003086c40, 0x0000000003086eb0]
Event: 6.039 Thread 0x0000000018e59800  304       3       java.util.concurrent.ConcurrentHashMap::get (162 bytes)
Event: 6.040 Thread 0x0000000018e44800  306       4       java.lang.String::equals (81 bytes)
Event: 6.040 Thread 0x0000000018e59800 nmethod 304 0x0000000003086f90 code [0x00000000030871a0, 0x0000000003087d18]
Event: 6.040 Thread 0x0000000018e59800  303       1       java.util.ArrayList::access$000 (5 bytes)
Event: 6.040 Thread 0x0000000018e59800 nmethod 303 0x0000000003088150 code [0x00000000030882a0, 0x0000000003088390]
Event: 6.040 Thread 0x0000000018e59800  305       3       java.lang.ClassLoader::loadClass (7 bytes)
Event: 6.040 Thread 0x0000000018e59800 nmethod 305 0x0000000003088410 code [0x0000000003088580, 0x00000000030887a8]
Event: 6.041 Thread 0x0000000018e59800  309       3       java.lang.invoke.MethodTypeForm::canonicalize (233 bytes)
Event: 6.041 Thread 0x0000000018e59800 nmethod 309 0x0000000003089150 code [0x00000000030893a0, 0x0000000003089f58]
Event: 6.041 Thread 0x0000000018e59800  312       3       java.lang.invoke.MethodType::hashCode (53 bytes)
Event: 6.041 Thread 0x0000000018e59800 nmethod 312 0x000000000308a490 code [0x000000000308a620, 0x000000000308a9d8]
Event: 6.041 Thread 0x0000000018e59800  313       3       java.lang.String::substring (56 bytes)
Event: 6.042 Thread 0x0000000018e59800 nmethod 313 0x000000000308ab90 code [0x000000000308ad20, 0x000000000308b0c8]
Event: 6.042 Thread 0x0000000018e59800  311       1       java.lang.invoke.MethodType::ptypes (5 bytes)
Event: 6.042 Thread 0x0000000018e59800 nmethod 311 0x000000000308b250 code [0x000000000308b3a0, 0x000000000308b4b0]
Event: 6.042 Thread 0x0000000018e59800  315       3       jdk.internal.org.objectweb.asm.ClassWriter::put (152 bytes)
Event: 6.042 Thread 0x0000000018e59800 nmethod 315 0x000000000308cc50 code [0x000000000308ce20, 0x000000000308d550]
Event: 6.042 Thread 0x0000000018e44800 nmethod 306 0x000000000308f250 code [0x000000000308f3a0, 0x000000000308f5d8]
Event: 6.043 Thread 0x0000000018e59800  318       3       java.lang.invoke.MemberName::testAllFlags (7 bytes)
Event: 6.043 Thread 0x0000000018e59800 nmethod 318 0x000000000308c390 code [0x000000000308c500, 0x000000000308c710]
Event: 6.043 Thread 0x0000000018e59800  321   !   3       java.lang.invoke.MemberName::getMethodType (208 bytes)
Event: 6.044 Thread 0x0000000018e59800 nmethod 321 0x000000000308f710 code [0x000000000308f9a0, 0x0000000003091158]
Event: 6.044 Thread 0x0000000018e59800  322       1       sun.invoke.util.Wrapper::basicTypeChar (5 bytes)
Event: 6.044 Thread 0x0000000018e59800 nmethod 322 0x000000000308bf50 code [0x000000000308c0a0, 0x000000000308c1b0]
Event: 6.044 Thread 0x0000000018e59800  320       3       java.lang.String::<init> (15 bytes)
Event: 6.044 Thread 0x0000000018e59800 nmethod 320 0x000000000308eb10 code [0x000000000308eca0, 0x000000000308f088]
Event: 6.044 Thread 0x0000000018e59800  324       1       java.lang.invoke.MethodType::form (5 bytes)
Event: 6.044 Thread 0x0000000018e59800 nmethod 324 0x000000000308b990 code [0x000000000308bae0, 0x000000000308bbf0]
Event: 6.044 Thread 0x0000000018e44800  327       4       java.util.Arrays::copyOfRange (63 bytes)
Event: 6.044 Thread 0x0000000018e59800  328       3       jdk.internal.org.objectweb.asm.ByteVector::put12 (64 bytes)
Event: 6.045 Thread 0x0000000018df7000  329       4       java.util.concurrent.ConcurrentHashMap::tabAt (21 bytes)
Event: 6.045 Thread 0x0000000018e59800 nmethod 328 0x000000000308e590 code [0x000000000308e700, 0x000000000308e988]
Event: 6.045 Thread 0x0000000018e59800  332       3       java.lang.Object::equals (11 bytes)
Event: 6.045 Thread 0x0000000018e59800 nmethod 332 0x000000000308e090 code [0x000000000308e1e0, 0x000000000308e390]
Event: 6.045 Thread 0x0000000018df7000 nmethod 329 0x000000000308de90 code [0x000000000308dfc0, 0x000000000308e018]
Event: 6.045 Thread 0x0000000018e59800  333       1       java.lang.invoke.LambdaForm$Name::index (5 bytes)
Event: 6.045 Thread 0x0000000018e59800 nmethod 333 0x000000000308dbd0 code [0x000000000308dd20, 0x000000000308de30]
Event: 6.045 Thread 0x0000000018e59800  335       3       java.lang.ref.WeakReference::<init> (6 bytes)
Event: 6.046 Thread 0x0000000018e59800 nmethod 335 0x0000000003093f10 code [0x0000000003094080, 0x0000000003094350]
Event: 6.046 Thread 0x0000000018e59800  337       3       java.lang.invoke.MemberName::isConstructor (7 bytes)
Event: 6.046 Thread 0x0000000018e59800 nmethod 337 0x0000000003093a50 code [0x0000000003093bc0, 0x0000000003093e30]
Event: 6.046 Thread 0x0000000018e59800  338       3       java.lang.invoke.MemberName::getMethodOrFieldType (72 bytes)
Event: 6.046 Thread 0x0000000018e44800 nmethod 327 0x0000000003091f10 code [0x0000000003092060, 0x0000000003092298]
Event: 6.046 Thread 0x0000000018e59800 nmethod 338 0x0000000003095f50 code [0x0000000003096240, 0x0000000003097928]
Event: 6.047 Thread 0x0000000018e59800  340       3       java.lang.invoke.LambdaForm$BasicType::basicType (19 bytes)
Event: 6.047 Thread 0x0000000018e59800 nmethod 340 0x0000000003093250 code [0x00000000030933e0, 0x0000000003093788]
Event: 6.047 Thread 0x0000000018e59800  339       3       java.lang.invoke.MethodType::<init> (15 bytes)
Event: 6.047 Thread 0x0000000018e59800 nmethod 339 0x0000000003092e90 code [0x0000000003092fe0, 0x00000000030931b0]
Event: 6.047 Thread 0x0000000018e59800  344       3       java.lang.invoke.MethodType::checkSlotCount (33 bytes)
Event: 6.047 Thread 0x0000000018e59800 nmethod 344 0x0000000003095190 code [0x0000000003095380, 0x0000000003095bd8]
Event: 6.047 Thread 0x0000000018e59800  342       1       java.lang.invoke.LambdaForm$Name::type (5 bytes)
Event: 6.047 Thread 0x0000000018e59800 nmethod 342 0x00000000030928d0 code [0x0000000003092a20, 0x0000000003092b30]
Event: 6.047 Thread 0x0000000018e59800  348       1       java.lang.invoke.LambdaForm$Name::access$000 (5 bytes)
Event: 6.047 Thread 0x0000000018e59800 nmethod 348 0x0000000003092610 code [0x0000000003092760, 0x0000000003092850]
Event: 6.047 Thread 0x0000000018e59800  349       1       java.lang.invoke.LambdaForm$BasicType::basicTypeClass (5 bytes)
Event: 6.047 Thread 0x0000000018e59800 nmethod 349 0x0000000003094ed0 code [0x0000000003095020, 0x0000000003095130]
Event: 6.047 Thread 0x0000000018e59800  346       1       java.lang.invoke.LambdaForm$BasicType::basicTypeChar (5 bytes)
Event: 6.047 Thread 0x0000000018e59800 nmethod 346 0x0000000003094c10 code [0x0000000003094d60, 0x0000000003094e70]
Event: 6.047 Thread 0x0000000018e59800  347       1       java.lang.invoke.LambdaForm$BasicType::access$100 (5 bytes)
Event: 6.047 Thread 0x0000000018e59800 nmethod 347 0x0000000003094950 code [0x0000000003094aa0, 0x0000000003094b90]
Event: 6.048 Thread 0x0000000018e59800  355       3       java.lang.invoke.MethodType::parameterType (7 bytes)
Event: 6.048 Thread 0x0000000018e59800 nmethod 355 0x0000000003098150 code [0x00000000030982a0, 0x0000000003098410]
Event: 6.048 Thread 0x0000000018e59800  356   !   3       java.util.AbstractList$Itr::next (45 bytes)
Event: 6.048 Thread 0x0000000018e59800 nmethod 356 0x00000000030984d0 code [0x00000000030986a0, 0x0000000003098cf8]
Event: 6.048 Thread 0x0000000018e59800  357       3       jdk.internal.org.objectweb.asm.Frame::push (110 bytes)
Event: 6.048 Thread 0x0000000018e59800 nmethod 357 0x0000000003098fd0 code [0x0000000003099160, 0x0000000003099668]
Event: 6.048 Thread 0x0000000018e59800  358       3       java.lang.invoke.MethodType::checkPtype (19 bytes)
Event: 6.049 Thread 0x0000000018e59800 nmethod 358 0x0000000003099b50 code [0x0000000003099ce0, 0x000000000309a0b8]
Event: 6.049 Thread 0x0000000018e59800  360       3       java.lang.invoke.LambdaForm::argument (27 bytes)
Event: 6.049 Thread 0x0000000018e59800 nmethod 360 0x000000000309a250 code [0x000000000309a3e0, 0x000000000309a748]
Event: 6.049 Thread 0x0000000018e59800  363       3       java.util.AbstractList$Itr::hasNext (20 bytes)
Event: 6.049 Thread 0x0000000018e59800 nmethod 363 0x000000000309a950 code [0x000000000309aac0, 0x000000000309ad48]
Event: 6.049 Thread 0x0000000018e59800  364       3       java.lang.invoke.InvokerBytecodeGenerator::isStaticallyNameable (116 bytes)
Event: 6.050 Thread 0x0000000018df7000  372       4       java.lang.String::<init> (82 bytes)
Event: 6.050 Thread 0x0000000018e59800 nmethod 364 0x000000000309b710 code [0x000000000309ba80, 0x000000000309db58]
Event: 6.050 Thread 0x0000000018e59800  368       3       jdk.internal.org.objectweb.asm.Frame::execute (2252 bytes)
Event: 6.052 Thread 0x0000000018df9000  382       4       jdk.internal.org.objectweb.asm.ByteVector::putUTF8 (142 bytes)
Event: 6.052 Thread 0x0000000018df7000 nmethod 372 0x00000000030a2010 code [0x00000000030a2160, 0x00000000030a2458]
Event: 6.054 Thread 0x0000000018e59800 nmethod 368 0x00000000030a2690 code [0x00000000030a3420, 0x00000000030a8ab8]
Event: 6.054 Thread 0x0000000018e59800  377       3       java.lang.reflect.Modifier::isStatic (13 bytes)
Event: 6.054 Thread 0x0000000018e59800 nmethod 377 0x00000000030a1210 code [0x00000000030a1360, 0x00000000030a14f0]
Event: 6.054 Thread 0x0000000018e59800  383       3       java.lang.invoke.MethodType$ConcurrentWeakInternSet::expungeStaleElements (27 bytes)
Event: 6.055 Thread 0x0000000018e59800 nmethod 383 0x00000000030a0890 code [0x00000000030a0a20, 0x00000000030a0ff8]
Event: 6.055 Thread 0x0000000018e59800  378       3       java.lang.invoke.MemberName::isStatic (8 bytes)
Event: 6.055 Thread 0x0000000018e59800 nmethod 378 0x00000000030a02d0 code [0x00000000030a0440, 0x00000000030a0650]
Event: 6.055 Thread 0x0000000018e59800  376       3       java.util.Arrays$ArrayList::get (7 bytes)
Event: 6.055 Thread 0x0000000018e59800 nmethod 376 0x000000000309ff10 code [0x00000000030a0060, 0x00000000030a01d0]
Event: 6.055 Thread 0x0000000018e59800  370       3       java.lang.invoke.MethodType::makeImpl (66 bytes)
Event: 6.055 Thread 0x0000000018e59800 nmethod 370 0x000000000309f110 code [0x000000000309f300, 0x000000000309fb68]
Event: 6.055 Thread 0x0000000018e59800  366       3       jdk.internal.org.objectweb.asm.Item::isEqualTo (354 bytes)
Event: 6.056 Thread 0x0000000018e59800 nmethod 366 0x00000000030abe90 code [0x00000000030ac0c0, 0x00000000030acd88]
Event: 6.056 Thread 0x0000000018e59800  365       1       java.lang.invoke.MethodHandle::type (5 bytes)
Event: 6.056 Thread 0x0000000018e59800 nmethod 365 0x00000000030ad150 code [0x00000000030ad2a0, 0x00000000030ad3b0]
Event: 6.056 Thread 0x0000000018e59800  385       1       java.lang.invoke.MethodTypeForm::erasedType (5 bytes)
Event: 6.056 Thread 0x0000000018e59800 nmethod 385 0x00000000030ad410 code [0x00000000030ad560, 0x00000000030ad670]
Event: 6.056 Thread 0x0000000018e59800  390       3       java.lang.invoke.LambdaForm$Name::initIndex (26 bytes)
Event: 6.056 Thread 0x0000000018e59800 nmethod 390 0x00000000030ad6d0 code [0x00000000030ad820, 0x00000000030ada10]
Event: 6.056 Thread 0x0000000018e59800  391       3       java.lang.invoke.LambdaForm$BasicType::basicTypeSlots (8 bytes)
Event: 6.056 Thread 0x0000000018e59800 nmethod 391 0x00000000030ada90 code [0x00000000030adc00, 0x00000000030ade30]
Event: 6.056 Thread 0x0000000018e59800  392       3       sun.invoke.util.Wrapper::stackSlots (9 bytes)
Event: 6.056 Thread 0x0000000018e59800 nmethod 392 0x00000000030adf10 code [0x00000000030ae060, 0x00000000030ae1b0]
Event: 6.057 Thread 0x0000000018e59800  393       3       java.lang.Class::getEnclosingMethodInfo (21 bytes)
Event: 6.057 Thread 0x0000000018e59800 nmethod 393 0x00000000030ae590 code [0x00000000030ae720, 0x00000000030ae978]
Event: 6.057 Thread 0x0000000018df9000 nmethod 382 0x00000000030b1ad0 code [0x00000000030b1c20, 0x00000000030b20a8]
Event: 6.057 Thread 0x0000000018e59800  396       3       java.util.Arrays$ArrayList::size (6 bytes)
Event: 6.057 Thread 0x0000000018e59800 nmethod 396 0x00000000030b1610 code [0x00000000030b1760, 0x00000000030b18b0]
Event: 6.057 Thread 0x0000000018e59800  397       3       sun.invoke.util.VerifyAccess::isSamePackage (114 bytes)
Event: 6.059 Thread 0x0000000018e59800 nmethod 397 0x00000000030b23d0 code [0x00000000030b2720, 0x00000000030b4858]
Event: 6.059 Thread 0x0000000018e59800  403       3       jdk.internal.org.objectweb.asm.ClassWriter::addType (39 bytes)
Event: 6.059 Thread 0x0000000018e59800 nmethod 403 0x00000000030b0d50 code [0x00000000030b0ee0, 0x00000000030b11c8]
Event: 6.059 Thread 0x0000000018e59800  401       3       jdk.internal.org.objectweb.asm.MethodWriter::visitVarInsn (292 bytes)
Event: 6.060 Thread 0x0000000018e59800 nmethod 401 0x00000000030afa90 code [0x00000000030afcc0, 0x00000000030b0728]
Event: 6.060 Thread 0x0000000018e59800  406       3       jdk.internal.org.objectweb.asm.Type::getArgumentsAndReturnSizes (151 bytes)
Event: 6.060 Thread 0x0000000018e59800 nmethod 406 0x00000000030b5ad0 code [0x00000000030b5d00, 0x00000000030b6a98]
Event: 6.061 Thread 0x0000000018e59800  407       3       jdk.internal.org.objectweb.asm.Type::getType (269 bytes)
Event: 6.061 Thread 0x0000000018e59800 nmethod 407 0x00000000030aebd0 code [0x00000000030aedc0, 0x00000000030af6b0]
Event: 6.061 Thread 0x0000000018e59800  398       3       java.util.Collections$UnmodifiableCollection$1::hasNext (10 bytes)
Event: 6.061 Thread 0x0000000018e59800 nmethod 398 0x00000000030b6fd0 code [0x00000000030b7140, 0x00000000030b7368]
Event: 6.061 Thread 0x0000000018e59800  405       3       java.lang.invoke.MethodType$ConcurrentWeakInternSet$WeakEntry::<init> (14 bytes)
Event: 6.061 Thread 0x0000000018e59800 nmethod 405 0x00000000030b7410 code [0x00000000030b75a0, 0x00000000030b79a8]
Event: 6.061 Thread 0x0000000018e59800  402       3       java.lang.invoke.InvokerBytecodeGenerator::emitImplicitConversion (159 bytes)
Event: 6.062 Thread 0x0000000018e59800 nmethod 402 0x00000000030b7b90 code [0x00000000030b7e40, 0x00000000030b90f8]
Event: 6.062 Thread 0x0000000018e59800  410       3       jdk.internal.org.objectweb.asm.Frame::type (416 bytes)
Event: 6.063 Thread 0x0000000018e59800 nmethod 410 0x00000000030b9c10 code [0x00000000030b9e80, 0x00000000030bafe8]
Event: 6.063 Thread 0x0000000018e59800  411       3       java.util.Arrays::equals (78 bytes)
Event: 6.063 Thread 0x0000000018e59800 nmethod 411 0x00000000030bb6d0 code [0x00000000030bb860, 0x00000000030bbd48]
Event: 6.063 Thread 0x0000000018e59800  414       3       jdk.internal.org.objectweb.asm.Frame::get (46 bytes)
Event: 6.063 Thread 0x0000000018e59800 nmethod 414 0x00000000030bbed0 code [0x00000000030bc040, 0x00000000030bc290]
Event: 6.063 Thread 0x0000000018e59800  409       3       java.lang.invoke.LambdaForm$NamedFunction::methodType (23 bytes)
Event: 6.063 Thread 0x0000000018e59800 nmethod 409 0x00000000030bc350 code [0x00000000030bc4c0, 0x00000000030bc7a8]
Event: 6.063 Thread 0x0000000018e59800  408       3       java.lang.invoke.MethodType::equals (29 bytes)
Event: 6.064 Thread 0x0000000018e59800 nmethod 408 0x00000000030bc890 code [0x00000000030bca20, 0x00000000030bcf48]
Event: 6.064 Thread 0x0000000018e59800  413       3       java.lang.invoke.MethodType::equals (31 bytes)
Event: 6.064 Thread 0x0000000018e59800 nmethod 413 0x00000000030bd050 code [0x00000000030bd1c0, 0x00000000030bd3e8]
Event: 6.064 Thread 0x0000000018e59800  415       3       java.lang.invoke.MethodType$ConcurrentWeakInternSet::get (54 bytes)
Event: 6.064 Thread 0x0000000018e59800 nmethod 415 0x00000000030bd490 code [0x00000000030bd6c0, 0x00000000030be378]
Event: 6.064 Thread 0x0000000018e59800  417       3       java.util.Arrays::copyOf (46 bytes)
Event: 6.064 Thread 0x0000000018e59800 nmethod 417 0x00000000030beb50 code [0x00000000030bed00, 0x00000000030bf3a8]
Event: 6.064 Thread 0x0000000018e59800  416       3       java.lang.ref.WeakReference::<init> (7 bytes)
Event: 6.064 Thread 0x0000000018e59800 nmethod 416 0x00000000030bf590 code [0x00000000030bf700, 0x00000000030bf9b0]
Event: 6.064 Thread 0x0000000018e59800  418       3       jdk.internal.org.objectweb.asm.ByteVector::putByteArray (49 bytes)
Event: 6.065 Thread 0x0000000018e59800 nmethod 418 0x00000000030bfa90 code [0x00000000030bfc00, 0x00000000030bff38]
Event: 6.065 Thread 0x0000000018e59800  404       1       java.lang.invoke.LambdaForm::arity (5 bytes)
Event: 6.065 Thread 0x0000000018e59800 nmethod 404 0x00000000030c0050 code [0x00000000030c01a0, 0x00000000030c02b0]
Event: 6.066 Thread 0x0000000018e59800  419       3       sun.invoke.util.Wrapper::forBasicType (16 bytes)
Event: 6.066 Thread 0x0000000018e59800 nmethod 419 0x00000000030c0310 code [0x00000000030c0480, 0x00000000030c06f8]
Event: 6.066 Thread 0x0000000018e59800  420       3       jdk.internal.org.objectweb.asm.ByteVector::putInt (74 bytes)
Event: 6.066 Thread 0x0000000018e59800 nmethod 420 0x00000000030c07d0 code [0x00000000030c0940, 0x00000000030c0bc8]
Event: 6.068 Thread 0x0000000018e59800  425  s!   3       java.net.URLStreamHandler::getHostAddress (54 bytes)
Event: 6.068 Thread 0x0000000018e59800 nmethod 425 0x00000000030c1810 code [0x00000000030c19c0, 0x00000000030c2178]
Event: 6.070 Thread 0x0000000018e59800  427       3       java.lang.StringBuffer::<init> (6 bytes)
Event: 6.070 Thread 0x0000000018e59800 nmethod 427 0x00000000030c4390 code [0x00000000030c4500, 0x00000000030c47b0]
Event: 6.071 Thread 0x0000000018e59800  428       3       java.util.Vector::ensureCapacityHelper (16 bytes)
Event: 6.071 Thread 0x0000000018e59800 nmethod 428 0x00000000030c4ad0 code [0x00000000030c4c40, 0x00000000030c4e08]

GC Heap History (0 events):
No events

Deoptimization events (1 events):
Event: 0.179 Thread 0x0000000002d24800 Uncommon trap: reason=unstable_if action=reinterpret pc=0x0000000003007a94 method=java.lang.String.indexOf(II)I @ 49

Classes redefined (0 events):
No events

Internal exceptions (18 events):
Event: 0.035 Thread 0x0000000002d24800 Exception <a 'java/lang/NoSuchMethodError': Method sun.misc.Unsafe.defineClass(Ljava/lang/String;[BII)Ljava/lang/Class; name or signature does not match> (0x00000000d5f07cb0) thrown at [C:\cygwin64\tmp\ojdkbuild\lookaside\java-1.8.0-openjdk\hotspot\src\sh
Event: 0.035 Thread 0x0000000002d24800 Exception <a 'java/lang/NoSuchMethodError': Method sun.misc.Unsafe.prefetchRead(Ljava/lang/Object;J)V name or signature does not match> (0x00000000d5f07f98) thrown at [C:\cygwin64\tmp\ojdkbuild\lookaside\java-1.8.0-openjdk\hotspot\src\share\vm\prims\jni.c
Event: 0.099 Thread 0x0000000002d24800 Exception <a 'java/security/PrivilegedActionException'> (0x00000000d5f8acf8) thrown at [C:\cygwin64\tmp\ojdkbuild\lookaside\java-1.8.0-openjdk\hotspot\src\share\vm\prims\jvm.cpp, line 1512]
Event: 0.099 Thread 0x0000000002d24800 Exception <a 'java/security/PrivilegedActionException'> (0x00000000d5f8af08) thrown at [C:\cygwin64\tmp\ojdkbuild\lookaside\java-1.8.0-openjdk\hotspot\src\share\vm\prims\jvm.cpp, line 1512]
Event: 0.174 Thread 0x0000000002d24800 Exception <a 'java/security/PrivilegedActionException'> (0x00000000d61a2760) thrown at [C:\cygwin64\tmp\ojdkbuild\lookaside\java-1.8.0-openjdk\hotspot\src\share\vm\prims\jvm.cpp, line 1512]
Event: 0.174 Thread 0x0000000002d24800 Exception <a 'java/security/PrivilegedActionException'> (0x00000000d61a2970) thrown at [C:\cygwin64\tmp\ojdkbuild\lookaside\java-1.8.0-openjdk\hotspot\src\share\vm\prims\jvm.cpp, line 1512]
Event: 0.175 Thread 0x0000000002d24800 Exception <a 'java/security/PrivilegedActionException'> (0x00000000d61a7db0) thrown at [C:\cygwin64\tmp\ojdkbuild\lookaside\java-1.8.0-openjdk\hotspot\src\share\vm\prims\jvm.cpp, line 1512]
Event: 0.175 Thread 0x0000000002d24800 Exception <a 'java/security/PrivilegedActionException'> (0x00000000d61a7fc0) thrown at [C:\cygwin64\tmp\ojdkbuild\lookaside\java-1.8.0-openjdk\hotspot\src\share\vm\prims\jvm.cpp, line 1512]
Event: 0.175 Thread 0x0000000002d24800 Exception <a 'java/security/PrivilegedActionException'> (0x00000000d61a9aa0) thrown at [C:\cygwin64\tmp\ojdkbuild\lookaside\java-1.8.0-openjdk\hotspot\src\share\vm\prims\jvm.cpp, line 1512]
Event: 0.175 Thread 0x0000000002d24800 Exception <a 'java/security/PrivilegedActionException'> (0x00000000d61a9cb0) thrown at [C:\cygwin64\tmp\ojdkbuild\lookaside\java-1.8.0-openjdk\hotspot\src\share\vm\prims\jvm.cpp, line 1512]
Event: 0.213 Thread 0x0000000002d24800 Exception <a 'java/lang/NoSuchFieldError': __boxStore> (0x00000000d6228ed0) thrown at [C:\cygwin64\tmp\ojdkbuild\lookaside\java-1.8.0-openjdk\hotspot\src\share\vm\prims\jni.cpp, line 2601]
Event: 0.213 Thread 0x0000000002d24800 Exception <a 'java/lang/NoSuchFieldError': __boxStore> (0x00000000d6229238) thrown at [C:\cygwin64\tmp\ojdkbuild\lookaside\java-1.8.0-openjdk\hotspot\src\share\vm\prims\jni.cpp, line 2601]
Event: 0.213 Thread 0x0000000002d24800 Exception <a 'java/lang/NoSuchFieldError': __boxStore> (0x00000000d62295e0) thrown at [C:\cygwin64\tmp\ojdkbuild\lookaside\java-1.8.0-openjdk\hotspot\src\share\vm\prims\jni.cpp, line 2601]
Event: 6.012 Thread 0x00000000190ee000 Exception <a 'java/lang/ArrayIndexOutOfBoundsException': 18> (0x00000000d66b9a60) thrown at [C:\cygwin64\tmp\ojdkbuild\lookaside\java-1.8.0-openjdk\hotspot\src\share\vm\interpreter\interpreterRuntime.cpp, line 371]
Event: 6.012 Thread 0x00000000190ee000 Exception <a 'java/lang/ArrayIndexOutOfBoundsException': 92> (0x00000000d66baaf0) thrown at [C:\cygwin64\tmp\ojdkbuild\lookaside\java-1.8.0-openjdk\hotspot\src\share\vm\interpreter\interpreterRuntime.cpp, line 371]
Event: 6.013 Thread 0x00000000190ee000 Exception <a 'java/lang/ArrayIndexOutOfBoundsException': 69> (0x00000000d66bbd18) thrown at [C:\cygwin64\tmp\ojdkbuild\lookaside\java-1.8.0-openjdk\hotspot\src\share\vm\interpreter\interpreterRuntime.cpp, line 371]
Event: 6.052 Thread 0x00000000190ee000 Exception <a 'java/lang/NoSuchFieldError': method resolution failed> (0x00000000d67ea490) thrown at [C:\cygwin64\tmp\ojdkbuild\lookaside\java-1.8.0-openjdk\hotspot\src\share\vm\prims\methodHandles.cpp, line 1167]
Event: 6.054 Thread 0x00000000190ee000 Exception <a 'java/lang/NoSuchFieldError': method resolution failed> (0x00000000d67f7b80) thrown at [C:\cygwin64\tmp\ojdkbuild\lookaside\java-1.8.0-openjdk\hotspot\src\share\vm\prims\methodHandles.cpp, line 1167]

Events (250 events):
Event: 6.012 loading class sun/reflect/generics/tree/TypeArgument
Event: 6.012 loading class sun/reflect/generics/tree/TypeArgument done
Event: 6.012 loading class sun/reflect/generics/tree/SimpleClassTypeSignature
Event: 6.012 loading class sun/reflect/generics/tree/FieldTypeSignature
Event: 6.012 loading class sun/reflect/generics/tree/BaseType
Event: 6.012 loading class sun/reflect/generics/tree/TypeSignature
Event: 6.012 loading class sun/reflect/generics/tree/ReturnType
Event: 6.012 loading class sun/reflect/generics/tree/ReturnType done
Event: 6.012 loading class sun/reflect/generics/tree/TypeSignature done
Event: 6.012 loading class sun/reflect/generics/tree/BaseType done
Event: 6.012 loading class sun/reflect/generics/tree/FieldTypeSignature done
Event: 6.012 loading class sun/reflect/generics/tree/SimpleClassTypeSignature done
Event: 6.012 loading class sun/reflect/generics/tree/ClassTypeSignature
Event: 6.012 loading class sun/reflect/generics/tree/ClassTypeSignature done
Event: 6.012 loading class sun/reflect/generics/tree/ClassSignature
Event: 6.012 loading class sun/reflect/generics/tree/Signature
Event: 6.012 loading class sun/reflect/generics/tree/Signature done
Event: 6.012 loading class sun/reflect/generics/tree/ClassSignature done
Event: 6.012 loading class sun/reflect/generics/visitor/Reifier
Event: 6.012 loading class sun/reflect/generics/visitor/TypeTreeVisitor
Event: 6.012 loading class sun/reflect/generics/visitor/TypeTreeVisitor done
Event: 6.012 loading class sun/reflect/generics/visitor/Reifier done
Event: 6.012 loading class sun/reflect/generics/reflectiveObjects/ParameterizedTypeImpl
Event: 6.012 loading class sun/reflect/generics/reflectiveObjects/ParameterizedTypeImpl done
Event: 6.012 loading class sun/reflect/generics/tree/TypeVariableSignature
Event: 6.012 loading class sun/reflect/generics/tree/TypeVariableSignature done
Event: 6.013 loading class java/lang/reflect/TypeVariable
Event: 6.013 loading class java/lang/reflect/TypeVariable done
Event: 6.013 loading class sun/reflect/generics/reflectiveObjects/TypeVariableImpl
Event: 6.013 loading class sun/reflect/generics/reflectiveObjects/LazyReflectiveObjectGenerator
Event: 6.013 loading class sun/reflect/generics/reflectiveObjects/LazyReflectiveObjectGenerator done
Event: 6.013 loading class sun/reflect/generics/reflectiveObjects/TypeVariableImpl done
Event: 6.013 loading class io/objectbox/Box
Event: 6.013 loading class io/objectbox/Box done
Event: 6.014 loading class com/mntanproject/pos/database/Util
Event: 6.014 loading class com/mntanproject/pos/database/Util done
Event: 6.015 loading class mntanproject/core/server/response/HttpResponse
Event: 6.015 loading class mntanproject/core/server/response/HttpResponse done
Event: 6.015 loading class io/objectbox/query/QueryBuilder
Event: 6.015 loading class io/objectbox/query/QueryBuilder done
Event: 6.016 loading class sun/reflect/NativeMethodAccessorImpl
Event: 6.016 loading class sun/reflect/NativeMethodAccessorImpl done
Event: 6.016 loading class sun/reflect/DelegatingMethodAccessorImpl
Event: 6.016 loading class sun/reflect/DelegatingMethodAccessorImpl done
Event: 6.017 loading class mntanproject/core/server/response/StatusCode
Event: 6.017 loading class mntanproject/core/server/response/StatusCode done
Event: 6.017 loading class mntanproject/core/server/response/ContentType
Event: 6.017 loading class mntanproject/core/server/response/ContentType done
Event: 6.018 loading class io/objectbox/query/QueryBuilder$Operator
Event: 6.018 loading class io/objectbox/query/QueryBuilder$Operator done
Event: 6.018 loading class java/util/HashMap$KeyIterator
Event: 6.018 loading class java/util/HashMap$KeyIterator done
Event: 6.019 loading class sun/reflect/UnsafeFieldAccessorFactory
Event: 6.019 loading class sun/reflect/UnsafeFieldAccessorFactory done
Event: 6.019 loading class sun/reflect/UnsafeQualifiedStaticObjectFieldAccessorImpl
Event: 6.019 loading class sun/reflect/UnsafeQualifiedStaticFieldAccessorImpl
Event: 6.019 loading class sun/reflect/UnsafeQualifiedStaticFieldAccessorImpl done
Event: 6.019 loading class sun/reflect/UnsafeQualifiedStaticObjectFieldAccessorImpl done
Event: 6.019 loading class io/objectbox/query/Query
Event: 6.019 loading class io/objectbox/query/Query done
Event: 6.020 loading class io/objectbox/query/BreakForEach
Event: 6.020 loading class io/objectbox/query/BreakForEach done
Event: 6.020 loading class io/objectbox/query/QueryPublisher
Event: 6.020 loading class io/objectbox/query/QueryPublisher done
Event: 6.021 loading class java/util/concurrent/CopyOnWriteArraySet
Event: 6.021 loading class java/util/concurrent/CopyOnWriteArraySet done
Event: 6.021 loading class java/util/concurrent/CopyOnWriteArrayList
Event: 6.021 loading class java/util/concurrent/CopyOnWriteArrayList done
Event: 6.022 loading class java/lang/invoke/LambdaMetafactory
Event: 6.022 loading class java/lang/invoke/LambdaMetafactory done
Event: 6.022 loading class java/lang/invoke/MethodHandles$Lookup
Event: 6.022 loading class java/lang/invoke/MethodHandles$Lookup done
Event: 6.022 loading class java/lang/invoke/MethodType$ConcurrentWeakInternSet
Event: 6.022 loading class java/lang/invoke/MethodType$ConcurrentWeakInternSet done
Event: 6.022 loading class java/lang/invoke/MethodTypeForm
Event: 6.023 loading class java/lang/invoke/MethodTypeForm done
Event: 6.023 loading class java/lang/invoke/Invokers
Event: 6.023 loading class java/lang/invoke/Invokers done
Event: 6.023 loading class java/lang/invoke/MethodType$ConcurrentWeakInternSet$WeakEntry
Event: 6.023 loading class java/lang/invoke/MethodType$ConcurrentWeakInternSet$WeakEntry done
Event: 6.023 loading class java/lang/invoke/MethodHandles
Event: 6.023 loading class java/lang/invoke/MethodHandles done
Event: 6.023 loading class sun/invoke/util/Wrapper
Event: 6.024 loading class sun/invoke/util/Wrapper done
Event: 6.024 loading class sun/invoke/util/Wrapper$Format
Event: 6.024 loading class sun/invoke/util/Wrapper$Format done
Event: 6.024 loading class java/lang/Byte$ByteCache
Event: 6.024 loading class java/lang/Byte$ByteCache done
Event: 6.024 loading class java/lang/Short$ShortCache
Event: 6.024 loading class java/lang/Short$ShortCache done
Event: 6.025 loading class java/lang/Character$CharacterCache
Event: 6.025 loading class java/lang/Character$CharacterCache done
Event: 6.025 loading class java/lang/Long$LongCache
Event: 6.025 loading class java/lang/Long$LongCache done
Event: 6.025 loading class sun/invoke/util/VerifyAccess
Event: 6.026 loading class sun/invoke/util/VerifyAccess done
Event: 6.026 loading class sun/invoke/util/ValueConversions
Event: 6.027 loading class sun/invoke/util/ValueConversions done
Event: 6.027 loading class java/lang/invoke/LambdaForm$BasicType
Event: 6.027 loading class java/lang/invoke/LambdaForm$BasicType done
Event: 6.027 loading class java/lang/invoke/LambdaForm$Name
Event: 6.028 loading class java/lang/invoke/LambdaForm$Name done
Event: 6.028 loading class java/lang/invoke/LambdaForm$NamedFunction
Event: 6.028 loading class java/lang/invoke/LambdaForm$NamedFunction done
Event: 6.028 loading class java/lang/invoke/SimpleMethodHandle
Event: 6.029 loading class java/lang/invoke/BoundMethodHandle
Event: 6.029 loading class java/lang/invoke/BoundMethodHandle done
Event: 6.029 loading class java/lang/invoke/SimpleMethodHandle done
Event: 6.029 loading class java/lang/invoke/BoundMethodHandle$SpeciesData
Event: 6.029 loading class java/lang/invoke/BoundMethodHandle$SpeciesData done
Event: 6.029 loading class java/lang/invoke/BoundMethodHandle$Factory
Event: 6.029 loading class java/lang/invoke/BoundMethodHandle$Factory done
Event: 6.029 loading class java/lang/invoke/BoundMethodHandle$Species_L
Event: 6.029 loading class java/lang/invoke/BoundMethodHandle$Species_L done
Event: 6.029 loading class sun/invoke/util/BytecodeDescriptor
Event: 6.029 loading class sun/invoke/util/BytecodeDescriptor done
Event: 6.029 loading class java/lang/invoke/DirectMethodHandle$Lazy
Event: 6.029 loading class java/lang/invoke/DirectMethodHandle$Lazy done
Event: 6.030 loading class java/lang/invoke/DirectMethodHandle$Interface
Event: 6.030 loading class java/lang/invoke/DirectMethodHandle$Interface done
Event: 6.030 loading class java/util/AbstractList$Itr
Event: 6.030 loading class java/util/AbstractList$Itr done
Event: 6.030 loading class java/lang/invoke/InvokerBytecodeGenerator
Event: 6.030 loading class java/lang/invoke/InvokerBytecodeGenerator done
Event: 6.031 loading class jdk/internal/org/objectweb/asm/ClassWriter
Event: 6.031 loading class jdk/internal/org/objectweb/asm/ClassVisitor
Event: 6.031 loading class jdk/internal/org/objectweb/asm/ClassVisitor done
Event: 6.031 loading class jdk/internal/org/objectweb/asm/ClassWriter done
Event: 6.031 loading class jdk/internal/org/objectweb/asm/ByteVector
Event: 6.031 loading class jdk/internal/org/objectweb/asm/ByteVector done
Event: 6.031 loading class jdk/internal/org/objectweb/asm/Item
Event: 6.031 loading class jdk/internal/org/objectweb/asm/Item done
Event: 6.031 loading class jdk/internal/org/objectweb/asm/MethodWriter
Event: 6.031 loading class jdk/internal/org/objectweb/asm/MethodVisitor
Event: 6.032 loading class jdk/internal/org/objectweb/asm/MethodVisitor done
Event: 6.032 loading class jdk/internal/org/objectweb/asm/MethodWriter done
Event: 6.032 loading class jdk/internal/org/objectweb/asm/Type
Event: 6.032 loading class jdk/internal/org/objectweb/asm/Type done
Event: 6.032 loading class jdk/internal/org/objectweb/asm/Label
Event: 6.032 loading class jdk/internal/org/objectweb/asm/Label done
Event: 6.032 loading class jdk/internal/org/objectweb/asm/Frame
Event: 6.032 loading class jdk/internal/org/objectweb/asm/Frame done
Event: 6.032 loading class jdk/internal/org/objectweb/asm/AnnotationWriter
Event: 6.032 loading class jdk/internal/org/objectweb/asm/AnnotationVisitor
Event: 6.032 loading class jdk/internal/org/objectweb/asm/AnnotationVisitor done
Event: 6.032 loading class jdk/internal/org/objectweb/asm/AnnotationWriter done
Event: 6.032 loading class java/lang/invoke/MethodHandleImpl$Intrinsic
Event: 6.032 loading class java/lang/invoke/MethodHandleImpl$Intrinsic done
Event: 6.033 loading class java/lang/invoke/InvokerBytecodeGenerator$2
Event: 6.033 loading class java/lang/invoke/InvokerBytecodeGenerator$2 done
Event: 6.033 loading class sun/invoke/util/VerifyType
Event: 6.033 loading class sun/invoke/util/VerifyType done
Event: 6.033 loading class sun/invoke/empty/Empty
Event: 6.033 loading class sun/invoke/empty/Empty done
Event: 6.033 loading class java/util/HashMap$Values
Event: 6.033 loading class java/util/HashMap$Values done
Event: 6.033 loading class java/util/HashMap$ValueIterator
Event: 6.033 loading class java/util/HashMap$ValueIterator done
Event: 6.036 loading class java/lang/invoke/InvokerBytecodeGenerator$CpPatch
Event: 6.036 loading class java/lang/invoke/InvokerBytecodeGenerator$CpPatch done
Event: 6.036 loading class java/lang/invoke/DirectMethodHandle$Accessor
Event: 6.036 loading class java/lang/invoke/DirectMethodHandle$Accessor done
Event: 6.038 loading class java/util/RandomAccessSubList
Event: 6.038 loading class java/util/SubList
Event: 6.038 loading class java/util/SubList done
Event: 6.038 loading class java/util/RandomAccessSubList done
Event: 6.038 loading class java/util/SubList$1
Event: 6.038 loading class java/util/SubList$1 done
Event: 6.038 loading class java/util/AbstractList$ListItr
Event: 6.038 loading class java/util/AbstractList$ListItr done
Event: 6.041 loading class java/lang/invoke/DirectMethodHandle$Special
Event: 6.041 loading class java/lang/invoke/DirectMethodHandle$Special done
Event: 6.041 loading class io/objectbox/query/Query
Event: 6.041 loading class io/objectbox/query/Query done
Event: 6.041 loading class java/util/concurrent/Callable
Event: 6.041 loading class java/util/concurrent/Callable done
Event: 6.042 loading class java/lang/invoke/MethodHandleImpl$AsVarargsCollector
Event: 6.042 loading class java/lang/invoke/DelegatingMethodHandle
Event: 6.042 loading class java/lang/invoke/DelegatingMethodHandle done
Event: 6.042 loading class java/lang/invoke/MethodHandleImpl$AsVarargsCollector done
Event: 6.042 loading class java/lang/invoke/WrongMethodTypeException
Event: 6.042 loading class java/lang/invoke/WrongMethodTypeException done
Event: 6.044 loading class java/lang/invoke/MethodHandleImpl$Lazy
Event: 6.044 loading class java/lang/invoke/MethodHandleImpl$Lazy done
Event: 6.044 loading class java/lang/invoke/MethodHandleImpl$IntrinsicMethodHandle
Event: 6.044 loading class java/lang/invoke/MethodHandleImpl$IntrinsicMethodHandle done
Event: 6.055 loading class java/lang/invoke/LambdaFormEditor
Event: 6.056 loading class java/lang/invoke/LambdaFormEditor done
Event: 6.056 loading class java/lang/invoke/LambdaFormEditor$Transform$Kind
Event: 6.056 loading class java/lang/invoke/LambdaFormEditor$Transform$Kind done
Event: 6.056 loading class java/lang/invoke/LambdaFormEditor$Transform
Event: 6.056 loading class java/lang/invoke/LambdaFormEditor$Transform done
Event: 6.056 loading class java/lang/invoke/LambdaFormBuffer
Event: 6.056 loading class java/lang/invoke/LambdaFormBuffer done
Event: 6.059 loading class java/lang/invoke/BoundMethodHandle$SpeciesData$1
Event: 6.059 loading class java/lang/invoke/BoundMethodHandle$SpeciesData$1 done
Event: 6.059 loading class java/lang/invoke/BoundMethodHandle$Factory$1
Event: 6.059 loading class java/lang/invoke/BoundMethodHandle$Factory$1 done
Event: 6.059 loading class java/util/concurrent/ConcurrentHashMap$ReservationNode
Event: 6.059 loading class java/util/concurrent/ConcurrentHashMap$ReservationNode done
Event: 6.059 loading class jdk/internal/org/objectweb/asm/FieldWriter
Event: 6.059 loading class jdk/internal/org/objectweb/asm/FieldVisitor
Event: 6.059 loading class jdk/internal/org/objectweb/asm/FieldVisitor done
Event: 6.059 loading class jdk/internal/org/objectweb/asm/FieldWriter done
Event: 6.060 loading class sun/reflect/UnsafeStaticObjectFieldAccessorImpl
Event: 6.061 loading class sun/reflect/UnsafeStaticObjectFieldAccessorImpl done
Event: 6.064 loading class java/lang/invoke/InnerClassLambdaMetafactory
Event: 6.064 loading class java/lang/invoke/AbstractValidatingLambdaMetafactory
Event: 6.064 loading class java/lang/invoke/AbstractValidatingLambdaMetafactory done
Event: 6.064 loading class java/lang/invoke/InnerClassLambdaMetafactory done
Event: 6.064 loading class java/util/PropertyPermission
Event: 6.064 loading class java/util/PropertyPermission done
Event: 6.064 loading class java/security/AccessController$1
Event: 6.064 loading class java/security/AccessController$1 done
Event: 6.065 loading class sun/security/util/SecurityConstants
Event: 6.065 loading class sun/security/util/SecurityConstants done
Event: 6.065 loading class java/net/NetPermission
Event: 6.065 loading class java/net/NetPermission done
Event: 6.065 loading class java/security/SecurityPermission
Event: 6.065 loading class java/security/SecurityPermission done
Event: 6.065 loading class java/net/SocketPermission
Event: 6.065 loading class java/net/SocketPermission done
Event: 6.065 loading class java/security/AllPermissionCollection
Event: 6.065 loading class java/security/AllPermissionCollection done
Event: 6.065 loading class java/lang/invoke/InfoFromMemberName
Event: 6.065 loading class java/lang/invoke/MethodHandleInfo
Event: 6.065 loading class java/lang/invoke/MethodHandleInfo done
Event: 6.065 loading class java/lang/invoke/InfoFromMemberName done
Event: 6.066 loading class java/lang/invoke/InnerClassLambdaMetafactory$ForwardingMethodGenerator
Event: 6.066 loading class java/lang/invoke/TypeConvertingMethodAdapter
Event: 6.066 loading class java/lang/invoke/TypeConvertingMethodAdapter done
Event: 6.066 loading class java/lang/invoke/InnerClassLambdaMetafactory$ForwardingMethodGenerator done
Event: 6.067 loading class io/objectbox/Transaction
Event: 6.067 loading class io/objectbox/Transaction done
Event: 6.068 loading class io/objectbox/InternalAccess
Event: 6.068 loading class io/objectbox/InternalAccess done
Event: 6.069 loading class io/objectbox/relation/ToMany
Event: 6.069 loading class io/objectbox/relation/ToMany done
Event: 6.070 loading class io/objectbox/relation/ListFactory
Event: 6.070 loading class io/objectbox/relation/ListFactory done
Event: 6.070 loading class io/objectbox/exception/DbDetachedException
Event: 6.070 loading class io/objectbox/exception/DbDetachedException done
Event: 6.071 loading class io/objectbox/relation/ToOne
Event: 6.071 loading class io/objectbox/relation/ToOne done
Event: 6.071 loading class java/util/concurrent/ConcurrentHashMap$ValueIterator
Event: 6.071 loading class java/util/concurrent/ConcurrentHashMap$BaseIterator
Event: 6.072 loading class java/util/concurrent/ConcurrentHashMap$Traverser
Event: 6.072 loading class java/util/concurrent/ConcurrentHashMap$Traverser done
Event: 6.072 loading class java/util/concurrent/ConcurrentHashMap$BaseIterator done
Event: 6.072 loading class java/util/concurrent/ConcurrentHashMap$ValueIterator done


Dynamic libraries:
0x00007ff6f0310000 - 0x00007ff6f039b000 	D:\SelfProject\DevelopmentSoftware\java-1.8.0-openjdk-1.8.0.201-2.b09.redhat.windows.x86_64\java-1.8.0-openjdk-1.8.0.201-2.b09.redhat.windows.x86_64\bin\java.exe
0x00007ff88fd30000 - 0x00007ff88ff25000 	C:\Windows\SYSTEM32\ntdll.dll
0x00007ff855630000 - 0x00007ff855642000 	C:\Program Files\Avast Software\Avast\aswhook.dll
0x00007ff88fc20000 - 0x00007ff88fcdd000 	C:\Windows\System32\KERNEL32.DLL
0x00007ff88d700000 - 0x00007ff88d9c9000 	C:\Windows\System32\KERNELBASE.dll
0x00007ff88e4f0000 - 0x00007ff88e59c000 	C:\Windows\System32\ADVAPI32.dll
0x00007ff88e980000 - 0x00007ff88ea1e000 	C:\Windows\System32\msvcrt.dll
0x00007ff88e820000 - 0x00007ff88e8bc000 	C:\Windows\System32\sechost.dll
0x00007ff88ddc0000 - 0x00007ff88deeb000 	C:\Windows\System32\RPCRT4.dll
0x00007ff88e5a0000 - 0x00007ff88e740000 	C:\Windows\System32\USER32.dll
0x00007ff88d6d0000 - 0x00007ff88d6f2000 	C:\Windows\System32\win32u.dll
0x00007ff88dd90000 - 0x00007ff88ddba000 	C:\Windows\System32\GDI32.dll
0x00007ff88d5c0000 - 0x00007ff88d6cb000 	C:\Windows\System32\gdi32full.dll
0x00007ff88d470000 - 0x00007ff88d50d000 	C:\Windows\System32\msvcp_win.dll
0x00007ff88d9d0000 - 0x00007ff88dad0000 	C:\Windows\System32\ucrtbase.dll
0x00007ff879350000 - 0x00007ff8795ea000 	C:\Windows\WinSxS\amd64_microsoft.windows.common-controls_6595b64144ccf1df_6.0.19041.844_none_ca00b6081b84eb1d\COMCTL32.dll
0x00007ff88df80000 - 0x00007ff88dfb0000 	C:\Windows\System32\IMM32.DLL
0x00007ff88d050000 - 0x00007ff88d147000 	C:\Windows\system32\guard64.dll
0x00007ff88d040000 - 0x00007ff88d04a000 	C:\Windows\system32\version.dll
0x00007ff88f6c0000 - 0x00007ff88f7ea000 	C:\Windows\System32\ole32.dll
0x00007ff88e010000 - 0x00007ff88e365000 	C:\Windows\System32\combase.dll
0x00007ff88d030000 - 0x00007ff88d03b000 	C:\Windows\system32\fltlib.dll
0x00007ff88ea20000 - 0x00007ff88f162000 	C:\Windows\System32\shell32.dll
0x000000005b200000 - 0x000000005b2d2000 	D:\SelfProject\DevelopmentSoftware\java-1.8.0-openjdk-1.8.0.201-2.b09.redhat.windows.x86_64\java-1.8.0-openjdk-1.8.0.201-2.b09.redhat.windows.x86_64\jre\bin\msvcr100.dll
0x000000005a930000 - 0x000000005b1f2000 	D:\SelfProject\DevelopmentSoftware\java-1.8.0-openjdk-1.8.0.201-2.b09.redhat.windows.x86_64\java-1.8.0-openjdk-1.8.0.201-2.b09.redhat.windows.x86_64\jre\bin\server\jvm.dll
0x00007ff88f880000 - 0x00007ff88f888000 	C:\Windows\System32\PSAPI.DLL
0x00007ff87a3b0000 - 0x00007ff87a3b9000 	C:\Windows\SYSTEM32\WSOCK32.dll
0x00007ff88f810000 - 0x00007ff88f87b000 	C:\Windows\System32\WS2_32.dll
0x00007ff87c750000 - 0x00007ff87c777000 	C:\Windows\SYSTEM32\WINMM.dll
0x00007ff8745d0000 - 0x00007ff8745df000 	D:\SelfProject\DevelopmentSoftware\java-1.8.0-openjdk-1.8.0.201-2.b09.redhat.windows.x86_64\java-1.8.0-openjdk-1.8.0.201-2.b09.redhat.windows.x86_64\jre\bin\verify.dll
0x00007ff86ca20000 - 0x00007ff86ca49000 	D:\SelfProject\DevelopmentSoftware\java-1.8.0-openjdk-1.8.0.201-2.b09.redhat.windows.x86_64\java-1.8.0-openjdk-1.8.0.201-2.b09.redhat.windows.x86_64\jre\bin\java.dll
0x00007ff86c940000 - 0x00007ff86c956000 	D:\SelfProject\DevelopmentSoftware\java-1.8.0-openjdk-1.8.0.201-2.b09.redhat.windows.x86_64\java-1.8.0-openjdk-1.8.0.201-2.b09.redhat.windows.x86_64\jre\bin\zip.dll
0x00007ff88b0a0000 - 0x00007ff88b830000 	C:\Windows\SYSTEM32\windows.storage.dll
0x00007ff88ccf0000 - 0x00007ff88cd1c000 	C:\Windows\SYSTEM32\Wldp.dll
0x00007ff88e8d0000 - 0x00007ff88e97e000 	C:\Windows\System32\SHCORE.dll
0x00007ff88e490000 - 0x00007ff88e4e5000 	C:\Windows\System32\shlwapi.dll
0x00007ff88d3b0000 - 0x00007ff88d3cf000 	C:\Windows\SYSTEM32\profapi.dll
0x00007ff825120000 - 0x00007ff825203000 	C:\mntanprojectposdesktop\objectbox-jni-windows-x64.dll
0x00007ff887e80000 - 0x00007ff887f1e000 	C:\Windows\SYSTEM32\MSVCP140.dll
0x00007ff8886b0000 - 0x00007ff8886c7000 	C:\Windows\SYSTEM32\VCRUNTIME140.dll
0x00007ff88cc60000 - 0x00007ff88cc6c000 	C:\Windows\SYSTEM32\CRYPTBASE.DLL
0x00007ff866dd0000 - 0x00007ff866dea000 	D:\SelfProject\DevelopmentSoftware\java-1.8.0-openjdk-1.8.0.201-2.b09.redhat.windows.x86_64\java-1.8.0-openjdk-1.8.0.201-2.b09.redhat.windows.x86_64\jre\bin\net.dll
0x00007ff876b80000 - 0x00007ff876d6e000 	C:\Windows\SYSTEM32\urlmon.dll
0x00007ff874790000 - 0x00007ff874a40000 	C:\Windows\SYSTEM32\iertutil.dll
0x00007ff88ca70000 - 0x00007ff88cada000 	C:\Windows\system32\mswsock.dll
0x00007ff88b900000 - 0x00007ff88bae4000 	C:\Windows\SYSTEM32\dbghelp.dll
0x00007ff88dcc0000 - 0x00007ff88dd40000 	C:\Windows\System32\bcryptPrimitives.dll

VM Arguments:
jvm_args: -Dfile.encoding=windows-1252 -Duser.country=US -Duser.language=en -Duser.variant 
java_command: Main
java_class_path (initial): C:\mntanprojectposdesktop\build\classes\java\main;C:\mntanprojectposdesktop\build\resources\main;C:\Users\MnAsusPC\.m2\repository\mntanproject\mnserver\2.0\mnserver-2.0.jar;C:\Users\MnAsusPC\.gradle\caches\modules-2\files-2.1\io.objectbox\objectbox-java\2.8.0\e5854ac32c3c552db4c55656ba1cb993469cde65\objectbox-java-2.8.0.jar;C:\Users\MnAsusPC\.gradle\caches\modules-2\files-2.1\io.objectbox\objectbox-windows\2.8.0\5abb89142d5e0ea8483959d88bf3aef8a10b285d\objectbox-windows-2.8.0.jar;C:\Users\MnAsusPC\.gradle\caches\modules-2\files-2.1\io.objectbox\objectbox-linux\2.8.0\4dfc2cfd51c2d9610da9e300a1aa4401ef61c299\objectbox-linux-2.8.0.jar;C:\Users\MnAsusPC\.gradle\caches\modules-2\files-2.1\io.objectbox\objectbox-macos\2.8.0\b3b6973af74df3aefaba02b8587f2238da86c798\objectbox-macos-2.8.0.jar;C:\Users\MnAsusPC\.gradle\caches\modules-2\files-2.1\com.google.code.gson\gson\2.8.6\9180733b7df8542621dc12e21e87557e8c99b8cb\gson-2.8.6.jar;C:\Users\MnAsusPC\.gradle\caches\modules-2\files-2.1\com.squareup.okhttp3\okhttp\4.9.0\8e17601d3bdc8cf57902c154de021931d2c27c1\okhttp-4.9.0.jar;C:\Users\MnAsusPC\.gradle\caches\modules-2\files-2.1\io.objectbox\objectbox-java-api\2.8.0\5cfa34f0bff4c675909e25a4b6f065f4fe2da817\objectbox-java-api-2.8.0.jar;C:\Users\MnAsusPC\.gradle\caches\modules-2\files-2.1\com.google.code.findbugs\jsr305\3.0.2\25ea2e8b0c338a877313bd4672d3fe056ea78f0d\jsr305-3.0.2.jar;C:\Users\MnAsusPC\.gradle\caches\modules-2\files-2.1\org.greenrobot\essentials\3.1.0\3bd606485d1626d3e61efa265e53235cfc47a8b6\essentials-3.1.0.jar;C:\Users\MnAsusPC\.gradle\caches\modules-2\files-2.1\com.google.flatbuffers\flatbuffers-java\1.12.0\8201cc7b511177a37071249e891f2f2fea4b32e9\flatbuffers-java-1.12.0.jar;C:\Users\MnAsusPC\.gradle\caches\modules-2\files-2.1\com.squareup.okio\okio\2.8.0\49b64e09d81c0cc84b267edd0c2fd7df5a64c78c\okio-jvm-2.8.0.jar;C:\Users\MnAsusPC\.gradle\caches\modules-2\files-2.1\org.jetbrains.kotlin\kotlin-stdlib\1.4.10\ea29e063d2bbe695be13e9d044dc
Launcher Type: SUN_STANDARD

Environment Variables:
JAVA_HOME=D:\SelfProject\DevelopmentSoftware\java-1.8.0-openjdk-1.8.0.201-2.b09.redhat.windows.x86_64\java-1.8.0-openjdk-1.8.0.201-2.b09.redhat.windows.x86_64
PATH=C:\Windows\system32;C:\Windows;C:\Windows\System32\Wbem;C:\Windows\System32\WindowsPowerShell\v1.0\;C:\Windows\System32\OpenSSH\;C:\Program Files (x86)\NVIDIA Corporation\PhysX\Common;C:\Program Files\NVIDIA Corporation\NVIDIA NvDLISR;C:\Program Files (x86)\Brackets\command;C:\Program Files\Git\cmd;C:\Program Files\TortoiseSVN\bin;D:\Php\nov2020\wamp64\bin\php\php7.3.21;C:\ProgramData\ComposerSetup\bin;C:\Program Files\nodejs\;C:\development-tools\gradle-6.7.1-bin\gradle-6.7.1\bin;C:\Users\MnAsusPC\AppData\Local\Microsoft\WindowsApps;D:\AsusAug20\ffmpeg\bin;C:\Users\MnAsusPC\AppData\Roaming\Composer\vendor\bin;C:\Users\MnAsusPC\AppData\Local\GitHubDesktop\bin;C:\Users\MnAsusPC\AppData\Roaming\npm;C:\Users\MnAsusPC\AppData\Local\Programs\Microsoft VS Code\bin;D:\SelfProject\DevelopmentSoftware\java-1.8.0-openjdk-1.8.0.201-2.b09.redhat.windows.x86_64\java-1.8.0-openjdk-1.8.0.201-2.b09.redhat.windows.x86_64\bin;;C:\Program Files\JetBrains\IntelliJ IDEA Community Edition 2020.3\bin;
USERNAME=MnAsusPC
OS=Windows_NT
PROCESSOR_IDENTIFIER=Intel64 Family 6 Model 158 Stepping 9, GenuineIntel



---------------  S Y S T E M  ---------------

OS: Windows 10.0 , 64 bit Build 19041 (10.0.19041.804)

CPU:total 8 (initial active 8) (4 cores per cpu, 2 threads per core) family 6 model 158 stepping 9, cmov, cx8, fxsr, mmx, sse, sse2, sse3, ssse3, sse4.1, sse4.2, popcnt, avx, avx2, aes, clmul, erms, 3dnowpref, lzcnt, ht, tsc, tscinvbit, bmi1, bmi2, adx

Memory: 4k page, physical 8270676k(1946444k free), swap 12727124k(3404944k free)

vm_info: OpenJDK 64-Bit Server VM (25.201-b09) for windows-amd64 JRE (1.8.0_201-2-redhat-b09), built on Jan 25 2019 14:31:39 by "build" with MS VC++ 10.0 (VS2010)

time: Tue Mar 16 10:44:40 2021
timezone: SE Asia Standard Time
elapsed time: 6 seconds (0d 0h 0m 6s)

